<?xml version="1.0" encoding="UTF-8"?>
<coverage generated="1669016075691" clover="3.2.0">
  <project timestamp="1669016075691" name="All files">
    <metrics statements="493" coveredstatements="484" conditionals="365" coveredconditionals="317" methods="137" coveredmethods="134" elements="995" coveredelements="935" complexity="0" loc="493" ncloc="493" packages="23" files="30" classes="30"/>
    <package name="Button">
      <metrics statements="8" coveredstatements="8" conditionals="2" coveredconditionals="2" methods="2" coveredmethods="2"/>
      <file name="index.tsx" path="/Users/didi/workspace/feature-probe-ui/src/components/Button/index.tsx">
        <metrics statements="8" coveredstatements="8" conditionals="2" coveredconditionals="2" methods="2" coveredmethods="2"/>
        <line num="4" count="8" type="stmt"/>
        <line num="5" count="223" type="stmt"/>
        <line num="6" count="223" type="stmt"/>
        <line num="8" count="223" type="stmt"/>
        <line num="10" count="18" type="stmt"/>
        <line num="12" count="18" type="cond" truecount="2" falsecount="0"/>
        <line num="13" count="17" type="stmt"/>
        <line num="17" count="223" type="stmt"/>
      </file>
    </package>
    <package name="CopyToClipboard">
      <metrics statements="20" coveredstatements="20" conditionals="2" coveredconditionals="2" methods="6" coveredmethods="6"/>
      <file name="index.tsx" path="/Users/didi/workspace/feature-probe-ui/src/components/CopyToClipboard/index.tsx">
        <metrics statements="20" coveredstatements="20" conditionals="2" coveredconditionals="2" methods="6" coveredmethods="6"/>
        <line num="14" count="1" type="stmt"/>
        <line num="15" count="10" type="stmt"/>
        <line num="16" count="10" type="stmt"/>
        <line num="17" count="10" type="stmt"/>
        <line num="19" count="10" type="stmt"/>
        <line num="21" count="10" type="stmt"/>
        <line num="22" count="1" type="stmt"/>
        <line num="23" count="1" type="stmt"/>
        <line num="24" count="1" type="stmt"/>
        <line num="25" count="1" type="stmt"/>
        <line num="26" count="1" type="stmt"/>
        <line num="27" count="1" type="stmt"/>
        <line num="31" count="10" type="stmt"/>
        <line num="32" count="3" type="stmt"/>
        <line num="35" count="10" type="stmt"/>
        <line num="36" count="1" type="stmt"/>
        <line num="39" count="10" type="stmt"/>
        <line num="40" count="2" type="stmt"/>
        <line num="41" count="2" type="stmt"/>
        <line num="44" count="10" type="stmt"/>
      </file>
    </package>
    <package name="Diff">
      <metrics statements="18" coveredstatements="18" conditionals="22" coveredconditionals="20" methods="4" coveredmethods="4"/>
      <file name="index.tsx" path="/Users/didi/workspace/feature-probe-ui/src/components/Diff/index.tsx">
        <metrics statements="18" coveredstatements="18" conditionals="22" coveredconditionals="20" methods="4" coveredmethods="4"/>
        <line num="11" count="1" type="stmt"/>
        <line num="12" count="6" type="stmt"/>
        <line num="14" count="6" type="stmt"/>
        <line num="15" count="6" type="cond" truecount="1" falsecount="1"/>
        <line num="16" count="6" type="cond" truecount="4" falsecount="0"/>
        <line num="17" count="5" type="stmt"/>
        <line num="20" count="6" type="stmt"/>
        <line num="21" count="6" type="cond" truecount="3" falsecount="1"/>
        <line num="22" count="6" type="stmt"/>
        <line num="23" count="1" type="stmt"/>
        <line num="25" count="6" type="stmt"/>
        <line num="26" count="1" type="stmt"/>
        <line num="30" count="6" type="stmt"/>
        <line num="32" count="6" type="cond" truecount="4" falsecount="0"/>
        <line num="33" count="1" type="stmt"/>
        <line num="36" count="6" type="cond" truecount="4" falsecount="0"/>
        <line num="37" count="1" type="stmt"/>
        <line num="42" count="6" type="stmt"/>
      </file>
    </package>
    <package name="Filter">
      <metrics statements="11" coveredstatements="11" conditionals="2" coveredconditionals="2" methods="5" coveredmethods="5"/>
      <file name="index.tsx" path="/Users/didi/workspace/feature-probe-ui/src/components/Filter/index.tsx">
        <metrics statements="11" coveredstatements="11" conditionals="2" coveredconditionals="2" methods="5" coveredmethods="5"/>
        <line num="15" count="1" type="stmt"/>
        <line num="16" count="6" type="stmt"/>
        <line num="18" count="6" type="stmt"/>
        <line num="20" count="6" type="stmt"/>
        <line num="32" count="2" type="stmt"/>
        <line num="33" count="2" type="stmt"/>
        <line num="34" count="2" type="stmt"/>
        <line num="39" count="2" type="stmt"/>
        <line num="44" count="1" type="stmt"/>
        <line num="52" count="1" type="stmt"/>
        <line num="53" count="1" type="stmt"/>
      </file>
    </package>
    <package name="FormItem">
      <metrics statements="22" coveredstatements="22" conditionals="16" coveredconditionals="16" methods="7" coveredmethods="7"/>
      <file name="description.tsx" path="/Users/didi/workspace/feature-probe-ui/src/components/FormItem/description.tsx">
        <metrics statements="4" coveredstatements="4" conditionals="0" coveredconditionals="0" methods="1" coveredmethods="1"/>
        <line num="13" count="1" type="stmt"/>
        <line num="14" count="2" type="stmt"/>
        <line num="15" count="2" type="stmt"/>
        <line num="17" count="2" type="stmt"/>
      </file>
      <file name="key.tsx" path="/Users/didi/workspace/feature-probe-ui/src/components/FormItem/key.tsx">
        <metrics statements="6" coveredstatements="6" conditionals="6" coveredconditionals="6" methods="2" coveredmethods="2"/>
        <line num="20" count="1" type="stmt"/>
        <line num="21" count="2" type="stmt"/>
        <line num="22" count="2" type="stmt"/>
        <line num="24" count="2" type="stmt"/>
        <line num="25" count="1" type="stmt"/>
        <line num="42" count="2" type="stmt"/>
      </file>
      <file name="name.tsx" path="/Users/didi/workspace/feature-probe-ui/src/components/FormItem/name.tsx">
        <metrics statements="6" coveredstatements="6" conditionals="6" coveredconditionals="6" methods="2" coveredmethods="2"/>
        <line num="17" count="1" type="stmt"/>
        <line num="18" count="2" type="stmt"/>
        <line num="19" count="2" type="stmt"/>
        <line num="21" count="2" type="stmt"/>
        <line num="22" count="1" type="stmt"/>
        <line num="27" count="2" type="stmt"/>
      </file>
      <file name="password.tsx" path="/Users/didi/workspace/feature-probe-ui/src/components/FormItem/password.tsx">
        <metrics statements="6" coveredstatements="6" conditionals="4" coveredconditionals="4" methods="2" coveredmethods="2"/>
        <line num="13" count="1" type="stmt"/>
        <line num="14" count="2" type="stmt"/>
        <line num="15" count="2" type="stmt"/>
        <line num="17" count="2" type="stmt"/>
        <line num="18" count="1" type="stmt"/>
        <line num="35" count="2" type="stmt"/>
      </file>
    </package>
    <package name="History">
      <metrics statements="12" coveredstatements="12" conditionals="22" coveredconditionals="20" methods="3" coveredmethods="3"/>
      <file name="index.tsx" path="/Users/didi/workspace/feature-probe-ui/src/components/History/index.tsx">
        <metrics statements="12" coveredstatements="12" conditionals="22" coveredconditionals="20" methods="3" coveredmethods="3"/>
        <line num="22" count="1" type="stmt"/>
        <line num="23" count="5" type="stmt"/>
        <line num="25" count="5" type="stmt"/>
        <line num="48" count="22" type="stmt"/>
        <line num="55" count="22" type="stmt"/>
        <line num="62" count="22" type="stmt"/>
        <line num="68" count="22" type="stmt"/>
        <line num="75" count="22" type="stmt"/>
        <line num="80" count="2" type="stmt"/>
        <line num="81" count="2" type="cond" truecount="2" falsecount="0"/>
        <line num="82" count="1" type="stmt"/>
        <line num="84" count="1" type="stmt"/>
      </file>
    </package>
    <package name="Icon">
      <metrics statements="3" coveredstatements="3" conditionals="0" coveredconditionals="0" methods="1" coveredmethods="1"/>
      <file name="index.tsx" path="/Users/didi/workspace/feature-probe-ui/src/components/Icon/index.tsx">
        <metrics statements="3" coveredstatements="3" conditionals="0" coveredconditionals="0" methods="1" coveredmethods="1"/>
        <line num="8" count="15" type="stmt"/>
        <line num="9" count="1331" type="stmt"/>
        <line num="11" count="1331" type="stmt"/>
      </file>
    </package>
    <package name="JsonEditor">
      <metrics statements="14" coveredstatements="14" conditionals="6" coveredconditionals="4" methods="3" coveredmethods="3"/>
      <file name="index.tsx" path="/Users/didi/workspace/feature-probe-ui/src/components/JsonEditor/index.tsx">
        <metrics statements="14" coveredstatements="14" conditionals="6" coveredconditionals="4" methods="3" coveredmethods="3"/>
        <line num="14" count="3" type="stmt"/>
        <line num="21" count="3" type="stmt"/>
        <line num="22" count="20" type="stmt"/>
        <line num="23" count="20" type="stmt"/>
        <line num="25" count="20" type="stmt"/>
        <line num="26" count="5" type="cond" truecount="1" falsecount="1"/>
        <line num="27" count="5" type="stmt"/>
        <line num="33" count="5" type="stmt"/>
        <line num="34" count="5" type="cond" truecount="2" falsecount="0"/>
        <line num="35" count="2" type="stmt"/>
        <line num="38" count="1" type="cond" truecount="1" falsecount="1"/>
        <line num="41" count="5" type="stmt"/>
        <line num="42" count="28" type="stmt"/>
        <line num="48" count="20" type="stmt"/>
      </file>
    </package>
    <package name="Loading">
      <metrics statements="2" coveredstatements="2" conditionals="0" coveredconditionals="0" methods="1" coveredmethods="1"/>
      <file name="index.tsx" path="/Users/didi/workspace/feature-probe-ui/src/components/Loading/index.tsx">
        <metrics statements="2" coveredstatements="2" conditionals="0" coveredconditionals="0" methods="1" coveredmethods="1"/>
        <line num="4" count="2" type="stmt"/>
        <line num="5" count="2" type="stmt"/>
      </file>
    </package>
    <package name="MessageBox">
      <metrics statements="7" coveredstatements="7" conditionals="8" coveredconditionals="8" methods="4" coveredmethods="4"/>
      <file name="index.tsx" path="/Users/didi/workspace/feature-probe-ui/src/components/MessageBox/index.tsx">
        <metrics statements="7" coveredstatements="7" conditionals="8" coveredconditionals="8" methods="4" coveredmethods="4"/>
        <line num="15" count="5" type="stmt"/>
        <line num="23" count="5" type="stmt"/>
        <line num="34" count="5" type="stmt"/>
        <line num="36" count="1" type="stmt"/>
        <line num="43" count="1" type="stmt"/>
        <line num="50" count="1" type="stmt"/>
        <line num="57" count="5" type="stmt"/>
      </file>
    </package>
    <package name="Modal">
      <metrics statements="4" coveredstatements="4" conditionals="4" coveredconditionals="4" methods="2" coveredmethods="2"/>
      <file name="index.tsx" path="/Users/didi/workspace/feature-probe-ui/src/components/Modal/index.tsx">
        <metrics statements="4" coveredstatements="4" conditionals="4" coveredconditionals="4" methods="2" coveredmethods="2"/>
        <line num="17" count="3" type="stmt"/>
        <line num="18" count="162" type="stmt"/>
        <line num="20" count="162" type="stmt"/>
        <line num="32" count="4" type="stmt"/>
      </file>
    </package>
    <package name="NoData">
      <metrics statements="3" coveredstatements="3" conditionals="2" coveredconditionals="2" methods="1" coveredmethods="1"/>
      <file name="index.tsx" path="/Users/didi/workspace/feature-probe-ui/src/components/NoData/index.tsx">
        <metrics statements="3" coveredstatements="3" conditionals="2" coveredconditionals="2" methods="1" coveredmethods="1"/>
        <line num="8" count="1" type="stmt"/>
        <line num="9" count="2" type="stmt"/>
        <line num="11" count="2" type="stmt"/>
      </file>
    </package>
    <package name="Pagination">
      <metrics statements="3" coveredstatements="3" conditionals="6" coveredconditionals="6" methods="1" coveredmethods="1"/>
      <file name="index.tsx" path="/Users/didi/workspace/feature-probe-ui/src/components/Pagination/index.tsx">
        <metrics statements="3" coveredstatements="3" conditionals="6" coveredconditionals="6" methods="1" coveredmethods="1"/>
        <line num="20" count="1" type="stmt"/>
        <line num="21" count="3" type="stmt"/>
        <line num="23" count="3" type="stmt"/>
      </file>
    </package>
    <package name="PopupConfirm">
      <metrics statements="3" coveredstatements="3" conditionals="0" coveredconditionals="0" methods="1" coveredmethods="1"/>
      <file name="index.tsx" path="/Users/didi/workspace/feature-probe-ui/src/components/PopupConfirm/index.tsx">
        <metrics statements="3" coveredstatements="3" conditionals="0" coveredconditionals="0" methods="1" coveredmethods="1"/>
        <line num="16" count="4" type="stmt"/>
        <line num="17" count="107" type="stmt"/>
        <line num="19" count="107" type="stmt"/>
      </file>
    </package>
    <package name="PutAway">
      <metrics statements="13" coveredstatements="13" conditionals="8" coveredconditionals="8" methods="3" coveredmethods="3"/>
      <file name="index.tsx" path="/Users/didi/workspace/feature-probe-ui/src/components/PutAway/index.tsx">
        <metrics statements="13" coveredstatements="13" conditionals="8" coveredconditionals="8" methods="3" coveredmethods="3"/>
        <line num="8" count="1" type="stmt"/>
        <line num="12" count="6" type="stmt"/>
        <line num="14" count="6" type="stmt"/>
        <line num="21" count="6" type="stmt"/>
        <line num="28" count="6" type="stmt"/>
        <line num="29" count="6" type="stmt"/>
        <line num="31" count="6" type="stmt"/>
        <line num="32" count="6" type="cond" truecount="2" falsecount="0"/>
        <line num="33" count="2" type="cond" truecount="2" falsecount="0"/>
        <line num="34" count="1" type="stmt"/>
        <line num="36" count="1" type="stmt"/>
        <line num="41" count="6" type="stmt"/>
        <line num="42" count="1" type="stmt"/>
      </file>
    </package>
    <package name="PutAwayMenu">
      <metrics statements="3" coveredstatements="3" conditionals="2" coveredconditionals="2" methods="1" coveredmethods="1"/>
      <file name="index.tsx" path="/Users/didi/workspace/feature-probe-ui/src/components/PutAwayMenu/index.tsx">
        <metrics statements="3" coveredstatements="3" conditionals="2" coveredconditionals="2" methods="1" coveredmethods="1"/>
        <line num="11" count="1" type="stmt"/>
        <line num="12" count="3" type="stmt"/>
        <line num="14" count="3" type="stmt"/>
      </file>
    </package>
    <package name="Rule">
      <metrics statements="145" coveredstatements="141" conditionals="104" coveredconditionals="84" methods="40" coveredmethods="37"/>
      <file name="RuleContent.tsx" path="/Users/didi/workspace/feature-probe-ui/src/components/Rule/RuleContent.tsx">
        <metrics statements="14" coveredstatements="13" conditionals="6" coveredconditionals="6" methods="8" coveredmethods="7"/>
        <line num="25" count="3" type="stmt"/>
        <line num="36" count="120" type="stmt"/>
        <line num="40" count="120" type="cond" truecount="2" falsecount="0"/>
        <line num="41" count="104" type="stmt"/>
        <line num="47" count="120" type="stmt"/>
        <line num="49" count="120" type="stmt"/>
        <line num="58" count="120" type="stmt"/>
        <line num="62" count="14" type="stmt"/>
        <line num="96" count="1" type="stmt"/>
        <line num="99" count="1" type="stmt"/>
        <line num="102" count="1" type="stmt"/>
        <line num="105" count="1" type="stmt"/>
        <line num="110" count="1" type="stmt"/>
        <line num="128" count="0" type="stmt"/>
      </file>
      <file name="RuleTitle.tsx" path="/Users/didi/workspace/feature-probe-ui/src/components/Rule/RuleTitle.tsx">
        <metrics statements="30" coveredstatements="30" conditionals="9" coveredconditionals="8" methods="9" coveredmethods="9"/>
        <line num="19" count="3" type="stmt"/>
        <line num="27" count="123" type="stmt"/>
        <line num="29" count="123" type="stmt"/>
        <line num="30" count="123" type="stmt"/>
        <line num="35" count="123" type="stmt"/>
        <line num="41" count="123" type="stmt"/>
        <line num="43" count="123" type="stmt"/>
        <line num="44" count="11" type="cond" truecount="2" falsecount="0"/>
        <line num="45" count="8" type="stmt"/>
        <line num="49" count="123" type="stmt"/>
        <line num="50" count="1" type="stmt"/>
        <line num="52" count="1" type="stmt"/>
        <line num="53" count="2" type="cond" truecount="2" falsecount="0"/>
        <line num="54" count="1" type="stmt"/>
        <line num="55" count="1" type="stmt"/>
        <line num="58" count="1" type="stmt"/>
        <line num="61" count="123" type="stmt"/>
        <line num="62" count="2" type="stmt"/>
        <line num="65" count="123" type="stmt"/>
        <line num="66" count="93" type="stmt"/>
        <line num="69" count="123" type="stmt"/>
        <line num="80" count="93" type="cond" truecount="1" falsecount="1"/>
        <line num="81" count="93" type="stmt"/>
        <line num="93" count="1" type="stmt"/>
        <line num="94" count="1" type="stmt"/>
        <line num="95" count="1" type="stmt"/>
        <line num="98" count="1" type="stmt"/>
        <line num="99" count="1" type="stmt"/>
        <line num="107" count="2" type="stmt"/>
        <line num="108" count="2" type="stmt"/>
      </file>
      <file name="condition.tsx" path="/Users/didi/workspace/feature-probe-ui/src/components/Rule/condition.tsx">
        <metrics statements="69" coveredstatements="67" conditionals="75" coveredconditionals="56" methods="15" coveredmethods="15"/>
        <line num="36" count="4" type="stmt"/>
        <line num="37" count="4" type="stmt"/>
        <line num="38" count="4" type="stmt"/>
        <line num="40" count="4" type="stmt"/>
        <line num="52" count="61" type="stmt"/>
        <line num="54" count="61" type="stmt"/>
        <line num="55" count="61" type="stmt"/>
        <line num="56" count="61" type="stmt"/>
        <line num="65" count="61" type="stmt"/>
        <line num="75" count="61" type="stmt"/>
        <line num="77" count="61" type="stmt"/>
        <line num="78" count="1" type="stmt"/>
        <line num="79" count="3" type="cond" truecount="1" falsecount="1"/>
        <line num="80" count="3" type="stmt"/>
        <line num="81" count="3" type="stmt"/>
        <line num="84" count="1" type="stmt"/>
        <line num="87" count="61" type="stmt"/>
        <line num="88" count="48" type="stmt"/>
        <line num="94" count="61" type="stmt"/>
        <line num="95" count="14" type="cond" truecount="2" falsecount="0"/>
        <line num="96" count="12" type="stmt"/>
        <line num="104" count="14" type="stmt"/>
        <line num="108" count="14" type="cond" truecount="2" falsecount="0"/>
        <line num="109" count="2" type="stmt"/>
        <line num="112" count="2" type="stmt"/>
        <line num="116" count="12" type="stmt"/>
        <line num="123" count="61" type="stmt"/>
        <line num="124" count="16" type="cond" truecount="2" falsecount="0"/>
        <line num="125" count="2" type="stmt"/>
        <line num="126" count="2" type="stmt"/>
        <line num="127" count="2" type="stmt"/>
        <line num="133" count="2" type="stmt"/>
        <line num="137" count="61" type="cond" truecount="2" falsecount="0"/>
        <line num="138" count="16" type="stmt"/>
        <line num="145" count="61" type="stmt"/>
        <line num="150" count="61" type="stmt"/>
        <line num="182" count="3" type="stmt"/>
        <line num="183" count="3" type="stmt"/>
        <line num="184" count="3" type="stmt"/>
        <line num="217" count="3" type="cond" truecount="5" falsecount="0"/>
        <line num="218" count="2" type="stmt"/>
        <line num="221" count="3" type="stmt"/>
        <line num="222" count="3" type="stmt"/>
        <line num="223" count="3" type="stmt"/>
        <line num="250" count="1" type="stmt"/>
        <line num="251" count="1" type="stmt"/>
        <line num="252" count="1" type="stmt"/>
        <line num="280" count="1" type="stmt"/>
        <line num="281" count="1" type="stmt"/>
        <line num="282" count="1" type="stmt"/>
        <line num="316" count="8" type="stmt"/>
        <line num="317" count="8" type="cond" truecount="2" falsecount="0"/>
        <line num="318" count="3" type="stmt"/>
        <line num="319" count="3" type="stmt"/>
        <line num="322" count="3" type="cond" truecount="2" falsecount="3"/>
        <line num="323" count="0" type="stmt"/>
        <line num="326" count="5" type="cond" truecount="2" falsecount="0"/>
        <line num="327" count="3" type="stmt"/>
        <line num="328" count="3" type="stmt"/>
        <line num="331" count="3" type="cond" truecount="2" falsecount="3"/>
        <line num="332" count="0" type="stmt"/>
        <line num="335" count="8" type="cond" truecount="2" falsecount="0"/>
        <line num="336" count="4" type="stmt"/>
        <line num="337" count="4" type="stmt"/>
        <line num="338" count="4" type="stmt"/>
        <line num="341" count="4" type="stmt"/>
        <line num="342" count="4" type="stmt"/>
        <line num="343" count="4" type="stmt"/>
        <line num="363" count="1" type="stmt"/>
      </file>
      <file name="constants.tsx" path="/Users/didi/workspace/feature-probe-ui/src/components/Rule/constants.tsx">
        <metrics statements="20" coveredstatements="20" conditionals="10" coveredconditionals="10" methods="3" coveredmethods="2"/>
        <line num="4" count="4" type="stmt"/>
        <line num="5" count="4" type="stmt"/>
        <line num="7" count="4" type="stmt"/>
        <line num="8" count="4" type="stmt"/>
        <line num="9" count="4" type="stmt"/>
        <line num="10" count="4" type="stmt"/>
        <line num="11" count="4" type="stmt"/>
        <line num="13" count="4" type="stmt"/>
        <line num="17" count="4" type="stmt"/>
        <line num="21" count="4" type="stmt"/>
        <line num="22" count="61" type="cond" truecount="2" falsecount="0"/>
        <line num="23" count="17" type="stmt"/>
        <line num="35" count="44" type="cond" truecount="2" falsecount="0"/>
        <line num="36" count="4" type="stmt"/>
        <line num="40" count="40" type="cond" truecount="4" falsecount="0"/>
        <line num="41" count="26" type="stmt"/>
        <line num="49" count="14" type="cond" truecount="2" falsecount="0"/>
        <line num="50" count="9" type="stmt"/>
        <line num="57" count="4" type="stmt"/>
        <line num="58" count="9" type="stmt"/>
      </file>
      <file name="index.tsx" path="/Users/didi/workspace/feature-probe-ui/src/components/Rule/index.tsx">
        <metrics statements="12" coveredstatements="11" conditionals="4" coveredconditionals="4" methods="5" coveredmethods="4"/>
        <line num="25" count="3" type="stmt"/>
        <line num="37" count="123" type="stmt"/>
        <line num="39" count="123" type="stmt"/>
        <line num="43" count="123" type="stmt"/>
        <line num="45" count="123" type="stmt"/>
        <line num="46" count="15" type="stmt"/>
        <line num="49" count="123" type="stmt"/>
        <line num="50" count="1" type="stmt"/>
        <line num="53" count="123" type="stmt"/>
        <line num="54" count="0" type="stmt"/>
        <line num="57" count="123" type="stmt"/>
        <line num="60" count="120" type="stmt"/>
      </file>
    </package>
    <package name="SectionTitle">
      <metrics statements="3" coveredstatements="3" conditionals="2" coveredconditionals="2" methods="1" coveredmethods="1"/>
      <file name="index.tsx" path="/Users/didi/workspace/feature-probe-ui/src/components/SectionTitle/index.tsx">
        <metrics statements="3" coveredstatements="3" conditionals="2" coveredconditionals="2" methods="1" coveredmethods="1"/>
        <line num="11" count="1" type="stmt"/>
        <line num="12" count="1" type="stmt"/>
        <line num="13" count="1" type="stmt"/>
      </file>
    </package>
    <package name="Serve">
      <metrics statements="91" coveredstatements="88" conditionals="78" coveredconditionals="63" methods="22" coveredmethods="22"/>
      <file name="index.tsx" path="/Users/didi/workspace/feature-probe-ui/src/components/Serve/index.tsx">
        <metrics statements="91" coveredstatements="88" conditionals="78" coveredconditionals="63" methods="22" coveredmethods="22"/>
        <line num="28" count="4" type="stmt"/>
        <line num="29" count="4" type="stmt"/>
        <line num="31" count="4" type="stmt"/>
        <line num="41" count="159" type="stmt"/>
        <line num="43" count="159" type="stmt"/>
        <line num="44" count="159" type="stmt"/>
        <line num="45" count="159" type="stmt"/>
        <line num="46" count="159" type="stmt"/>
        <line num="47" count="159" type="stmt"/>
        <line num="48" count="159" type="stmt"/>
        <line num="57" count="159" type="stmt"/>
        <line num="58" count="159" type="stmt"/>
        <line num="60" count="159" type="stmt"/>
        <line num="61" count="6" type="stmt"/>
        <line num="64" count="159" type="stmt"/>
        <line num="65" count="10" type="stmt"/>
        <line num="66" count="5" type="stmt"/>
        <line num="80" count="10" type="stmt"/>
        <line num="85" count="10" type="stmt"/>
        <line num="88" count="159" type="stmt"/>
        <line num="89" count="12" type="cond" truecount="4" falsecount="0"/>
        <line num="90" count="1" type="stmt"/>
        <line num="91" count="1" type="stmt"/>
        <line num="92" count="1" type="stmt"/>
        <line num="93" count="1" type="stmt"/>
        <line num="94" count="2" type="cond" truecount="4" falsecount="0"/>
        <line num="95" count="2" type="stmt"/>
        <line num="96" count="2" type="stmt"/>
        <line num="98" count="1" type="stmt"/>
        <line num="99" count="11" type="cond" truecount="4" falsecount="0"/>
        <line num="100" count="1" type="stmt"/>
        <line num="101" count="1" type="cond" truecount="1" falsecount="1"/>
        <line num="102" count="0" type="stmt"/>
        <line num="103" count="0" type="cond" truecount="0" falsecount="2"/>
        <line num="104" count="0" type="cond" truecount="0" falsecount="2"/>
        <line num="106" count="1" type="stmt"/>
        <line num="107" count="1" type="cond" truecount="1" falsecount="1"/>
        <line num="108" count="1" type="cond" truecount="1" falsecount="1"/>
        <line num="111" count="10" type="stmt"/>
        <line num="112" count="10" type="stmt"/>
        <line num="116" count="159" type="stmt"/>
        <line num="117" count="23" type="cond" truecount="4" falsecount="0"/>
        <line num="118" count="17" type="cond" truecount="1" falsecount="1"/>
        <line num="120" count="6" type="cond" truecount="2" falsecount="0"/>
        <line num="124" count="159" type="stmt"/>
        <line num="125" count="2" type="cond" truecount="2" falsecount="0"/>
        <line num="126" count="1" type="stmt"/>
        <line num="127" count="1" type="stmt"/>
        <line num="128" count="2" type="cond" truecount="2" falsecount="0"/>
        <line num="130" count="1" type="stmt"/>
        <line num="134" count="1" type="stmt"/>
        <line num="135" count="1" type="stmt"/>
        <line num="139" count="2" type="stmt"/>
        <line num="140" count="2" type="stmt"/>
        <line num="143" count="159" type="stmt"/>
        <line num="144" count="17" type="stmt"/>
        <line num="145" count="17" type="stmt"/>
        <line num="147" count="17" type="stmt"/>
        <line num="148" count="34" type="cond" truecount="2" falsecount="0"/>
        <line num="149" count="27" type="stmt"/>
        <line num="153" count="17" type="stmt"/>
        <line num="154" count="34" type="cond" truecount="2" falsecount="0"/>
        <line num="155" count="27" type="cond" truecount="2" falsecount="0"/>
        <line num="156" count="8" type="stmt"/>
        <line num="158" count="19" type="stmt"/>
        <line num="161" count="7" type="stmt"/>
        <line num="165" count="17" type="stmt"/>
        <line num="166" count="34" type="cond" truecount="2" falsecount="0"/>
        <line num="169" count="17" type="stmt"/>
        <line num="173" count="17" type="stmt"/>
        <line num="176" count="159" type="stmt"/>
        <line num="177" count="15" type="cond" truecount="2" falsecount="0"/>
        <line num="180" count="159" type="stmt"/>
        <line num="181" count="2" type="stmt"/>
        <line num="182" count="2" type="cond" truecount="4" falsecount="0"/>
        <line num="183" count="1" type="stmt"/>
        <line num="185" count="1" type="stmt"/>
        <line num="188" count="159" type="stmt"/>
        <line num="189" count="2" type="stmt"/>
        <line num="190" count="2" type="cond" truecount="4" falsecount="0"/>
        <line num="191" count="1" type="stmt"/>
        <line num="193" count="1" type="stmt"/>
        <line num="196" count="159" type="stmt"/>
        <line num="221" count="2" type="stmt"/>
        <line num="222" count="2" type="stmt"/>
        <line num="223" count="2" type="cond" truecount="1" falsecount="1"/>
        <line num="238" count="76" type="stmt"/>
        <line num="265" count="76" type="stmt"/>
        <line num="272" count="15" type="stmt"/>
        <line num="277" count="2" type="stmt"/>
        <line num="278" count="2" type="stmt"/>
      </file>
    </package>
    <package name="TagsList">
      <metrics statements="16" coveredstatements="16" conditionals="6" coveredconditionals="6" methods="5" coveredmethods="5"/>
      <file name="index.tsx" path="/Users/didi/workspace/feature-probe-ui/src/components/TagsList/index.tsx">
        <metrics statements="16" coveredstatements="16" conditionals="6" coveredconditionals="6" methods="5" coveredmethods="5"/>
        <line num="10" count="1" type="stmt"/>
        <line num="11" count="4" type="stmt"/>
        <line num="12" count="4" type="stmt"/>
        <line num="13" count="4" type="stmt"/>
        <line num="15" count="4" type="stmt"/>
        <line num="16" count="2" type="stmt"/>
        <line num="17" count="2" type="cond" truecount="2" falsecount="0"/>
        <line num="19" count="2" type="cond" truecount="2" falsecount="0"/>
        <line num="20" count="1" type="stmt"/>
        <line num="21" count="1" type="stmt"/>
        <line num="23" count="1" type="stmt"/>
        <line num="27" count="4" type="stmt"/>
        <line num="31" count="3" type="stmt"/>
        <line num="52" count="1" type="stmt"/>
        <line num="53" count="1" type="stmt"/>
        <line num="63" count="1" type="stmt"/>
      </file>
    </package>
    <package name="TextLimit">
      <metrics statements="13" coveredstatements="12" conditionals="14" coveredconditionals="13" methods="3" coveredmethods="3"/>
      <file name="index.tsx" path="/Users/didi/workspace/feature-probe-ui/src/components/TextLimit/index.tsx">
        <metrics statements="13" coveredstatements="12" conditionals="14" coveredconditionals="13" methods="3" coveredmethods="3"/>
        <line num="15" count="2" type="stmt"/>
        <line num="16" count="8" type="stmt"/>
        <line num="17" count="8" type="stmt"/>
        <line num="18" count="8" type="stmt"/>
        <line num="20" count="8" type="stmt"/>
        <line num="21" count="5" type="cond" truecount="2" falsecount="0"/>
        <line num="22" count="2" type="stmt"/>
        <line num="24" count="3" type="cond" truecount="1" falsecount="1"/>
        <line num="25" count="3" type="stmt"/>
        <line num="27" count="0" type="stmt"/>
        <line num="32" count="8" type="stmt"/>
        <line num="33" count="5" type="stmt"/>
        <line num="36" count="8" type="stmt"/>
      </file>
    </package>
    <package name="VariationItem">
      <metrics statements="49" coveredstatements="49" conditionals="45" coveredconditionals="41" methods="14" coveredmethods="14"/>
      <file name="index.tsx" path="/Users/didi/workspace/feature-probe-ui/src/components/VariationItem/index.tsx">
        <metrics statements="49" coveredstatements="49" conditionals="45" coveredconditionals="41" methods="14" coveredmethods="14"/>
        <line num="33" count="2" type="stmt"/>
        <line num="34" count="159" type="stmt"/>
        <line num="35" count="159" type="stmt"/>
        <line num="36" count="159" type="stmt"/>
        <line num="37" count="159" type="stmt"/>
        <line num="55" count="159" type="stmt"/>
        <line num="63" count="159" type="stmt"/>
        <line num="65" count="159" type="stmt"/>
        <line num="66" count="20" type="stmt"/>
        <line num="73" count="20" type="cond" truecount="2" falsecount="0"/>
        <line num="74" count="6" type="stmt"/>
        <line num="81" count="8" type="stmt"/>
        <line num="82" count="8" type="cond" truecount="5" falsecount="0"/>
        <line num="83" count="1" type="stmt"/>
        <line num="85" count="7" type="stmt"/>
        <line num="88" count="7" type="cond" truecount="5" falsecount="0"/>
        <line num="89" count="1" type="stmt"/>
        <line num="91" count="6" type="stmt"/>
        <line num="97" count="14" type="stmt"/>
        <line num="102" count="159" type="stmt"/>
        <line num="103" count="15" type="stmt"/>
        <line num="104" count="15" type="cond" truecount="2" falsecount="0"/>
        <line num="105" count="14" type="stmt"/>
        <line num="107" count="1" type="stmt"/>
        <line num="111" count="159" type="stmt"/>
        <line num="112" count="1" type="stmt"/>
        <line num="113" count="1" type="stmt"/>
        <line num="114" count="1" type="stmt"/>
        <line num="115" count="1" type="stmt"/>
        <line num="118" count="159" type="stmt"/>
        <line num="119" count="1" type="stmt"/>
        <line num="120" count="1" type="stmt"/>
        <line num="123" count="159" type="stmt"/>
        <line num="124" count="1" type="stmt"/>
        <line num="127" count="159" type="stmt"/>
        <line num="134" count="159" type="stmt"/>
        <line num="135" count="16" type="stmt"/>
        <line num="149" count="159" type="stmt"/>
        <line num="173" count="10" type="stmt"/>
        <line num="174" count="10" type="stmt"/>
        <line num="175" count="10" type="stmt"/>
        <line num="203" count="8" type="stmt"/>
        <line num="204" count="8" type="stmt"/>
        <line num="205" count="8" type="stmt"/>
        <line num="209" count="2" type="stmt"/>
        <line num="235" count="1" type="stmt"/>
        <line num="236" count="1" type="stmt"/>
        <line num="237" count="1" type="stmt"/>
        <line num="270" count="2" type="stmt"/>
      </file>
    </package>
    <package name="Variations">
      <metrics statements="30" coveredstatements="29" conditionals="14" coveredconditionals="12" methods="7" coveredmethods="7"/>
      <file name="index.tsx" path="/Users/didi/workspace/feature-probe-ui/src/components/Variations/index.tsx">
        <metrics statements="30" coveredstatements="29" conditionals="14" coveredconditionals="12" methods="7" coveredmethods="7"/>
        <line num="19" count="1" type="stmt"/>
        <line num="20" count="52" type="stmt"/>
        <line num="21" count="52" type="stmt"/>
        <line num="22" count="52" type="stmt"/>
        <line num="30" count="52" type="stmt"/>
        <line num="36" count="52" type="stmt"/>
        <line num="38" count="52" type="stmt"/>
        <line num="40" count="52" type="stmt"/>
        <line num="41" count="1" type="stmt"/>
        <line num="42" count="1" type="stmt"/>
        <line num="43" count="1" type="stmt"/>
        <line num="46" count="52" type="stmt"/>
        <line num="47" count="26" type="cond" truecount="2" falsecount="0"/>
        <line num="48" count="22" type="stmt"/>
        <line num="61" count="22" type="stmt"/>
        <line num="62" count="61" type="stmt"/>
        <line num="65" count="22" type="stmt"/>
        <line num="66" count="22" type="cond" truecount="1" falsecount="1"/>
        <line num="67" count="0" type="stmt"/>
        <line num="70" count="22" type="stmt"/>
        <line num="71" count="22" type="cond" truecount="2" falsecount="0"/>
        <line num="72" count="1" type="stmt"/>
        <line num="73" count="1" type="stmt"/>
        <line num="78" count="52" type="stmt"/>
        <line num="79" count="5" type="cond" truecount="2" falsecount="0"/>
        <line num="80" count="1" type="stmt"/>
        <line num="87" count="4" type="stmt"/>
        <line num="91" count="52" type="stmt"/>
        <line num="95" count="127" type="stmt"/>
        <line num="106" count="1" type="stmt"/>
      </file>
    </package>
  </project>
</coverage>
