{"/Users/didi/workspace/feature-probe-ui/src/components/Button/index.tsx": {"path":"/Users/didi/workspace/feature-probe-ui/src/components/Button/index.tsx","statementMap":{"0":{"start":{"line":4,"column":21},"end":{"line":22,"column":1}},"1":{"start":{"line":5,"column":22},"end":{"line":5,"column":27}},"2":{"start":{"line":6,"column":20},"end":{"line":6,"column":32}},"3":{"start":{"line":8,"column":24},"end":{"line":15,"column":15}},"4":{"start":{"line":10,"column":4},"end":{"line":10,"column":42}},"5":{"start":{"line":12,"column":4},"end":{"line":14,"column":5}},"6":{"start":{"line":13,"column":6},"end":{"line":13,"column":24}},"7":{"start":{"line":17,"column":2},"end":{"line":21,"column":4}}},"fnMap":{"0":{"name":"(anonymous_0)","decl":{"start":{"line":4,"column":21},"end":{"line":4,"column":22}},"loc":{"start":{"line":4,"column":60},"end":{"line":22,"column":1}},"line":4},"1":{"name":"(anonymous_1)","decl":{"start":{"line":8,"column":36},"end":{"line":8,"column":37}},"loc":{"start":{"line":8,"column":109},"end":{"line":15,"column":3}},"line":8}},"branchMap":{"0":{"loc":{"start":{"line":12,"column":4},"end":{"line":14,"column":5}},"type":"if","locations":[{"start":{"line":12,"column":4},"end":{"line":14,"column":5}},{"start":{},"end":{}}],"line":12}},"s":{"0":8,"1":223,"2":223,"3":223,"4":18,"5":18,"6":17,"7":223},"f":{"0":223,"1":18},"b":{"0":[17,1]},"_coverageSchema":"1a1c01bbd47fc00a2c39e90264f33305004495a9","hash":"5b0ae9a918fcb2e37f14b431485fa89379b51bf9"}
,"/Users/didi/workspace/feature-probe-ui/src/components/CopyToClipboard/index.tsx": {"path":"/Users/didi/workspace/feature-probe-ui/src/components/CopyToClipboard/index.tsx","statementMap":{"0":{"start":{"line":14,"column":29},"end":{"line":73,"column":1}},"1":{"start":{"line":15,"column":29},"end":{"line":15,"column":34}},"2":{"start":{"line":16,"column":40},"end":{"line":16,"column":64}},"3":{"start":{"line":17,"column":28},"end":{"line":17,"column":52}},"4":{"start":{"line":19,"column":16},"end":{"line":19,"column":40}},"5":{"start":{"line":21,"column":21},"end":{"line":29,"column":3}},"6":{"start":{"line":22,"column":4},"end":{"line":22,"column":32}},"7":{"start":{"line":23,"column":4},"end":{"line":23,"column":18}},"8":{"start":{"line":24,"column":4},"end":{"line":24,"column":21}},"9":{"start":{"line":25,"column":4},"end":{"line":28,"column":13}},"10":{"start":{"line":26,"column":6},"end":{"line":26,"column":24}},"11":{"start":{"line":27,"column":6},"end":{"line":27,"column":21}},"12":{"start":{"line":31,"column":27},"end":{"line":33,"column":9}},"13":{"start":{"line":32,"column":4},"end":{"line":32,"column":18}},"14":{"start":{"line":35,"column":27},"end":{"line":37,"column":9}},"15":{"start":{"line":36,"column":4},"end":{"line":36,"column":19}},"16":{"start":{"line":39,"column":24},"end":{"line":42,"column":3}},"17":{"start":{"line":40,"column":4},"end":{"line":40,"column":22}},"18":{"start":{"line":41,"column":4},"end":{"line":41,"column":32}},"19":{"start":{"line":44,"column":2},"end":{"line":72,"column":4}}},"fnMap":{"0":{"name":"(anonymous_0)","decl":{"start":{"line":14,"column":29},"end":{"line":14,"column":30}},"loc":{"start":{"line":14,"column":48},"end":{"line":73,"column":1}},"line":14},"1":{"name":"(anonymous_1)","decl":{"start":{"line":21,"column":21},"end":{"line":21,"column":22}},"loc":{"start":{"line":21,"column":27},"end":{"line":29,"column":3}},"line":21},"2":{"name":"(anonymous_2)","decl":{"start":{"line":25,"column":31},"end":{"line":25,"column":32}},"loc":{"start":{"line":25,"column":37},"end":{"line":28,"column":5}},"line":25},"3":{"name":"(anonymous_3)","decl":{"start":{"line":31,"column":36},"end":{"line":31,"column":37}},"loc":{"start":{"line":31,"column":42},"end":{"line":33,"column":3}},"line":31},"4":{"name":"(anonymous_4)","decl":{"start":{"line":35,"column":36},"end":{"line":35,"column":37}},"loc":{"start":{"line":35,"column":42},"end":{"line":37,"column":3}},"line":35},"5":{"name":"(anonymous_5)","decl":{"start":{"line":39,"column":24},"end":{"line":39,"column":25}},"loc":{"start":{"line":39,"column":30},"end":{"line":42,"column":3}},"line":39}},"branchMap":{"0":{"loc":{"start":{"line":50,"column":8},"end":{"line":59,"column":11}},"type":"cond-expr","locations":[{"start":{"line":51,"column":10},"end":{"line":54,"column":17}},{"start":{"line":56,"column":12},"end":{"line":58,"column":19}}],"line":50}},"s":{"0":1,"1":10,"2":10,"3":10,"4":10,"5":10,"6":1,"7":1,"8":1,"9":1,"10":1,"11":1,"12":10,"13":3,"14":10,"15":1,"16":10,"17":2,"18":2,"19":10},"f":{"0":10,"1":1,"2":1,"3":3,"4":1,"5":2},"b":{"0":[1,9]},"_coverageSchema":"1a1c01bbd47fc00a2c39e90264f33305004495a9","hash":"77407defd543820ae45f33f4c8fa60f9bc5333b6"}
,"/Users/didi/workspace/feature-probe-ui/src/components/Diff/index.tsx": {"path":"/Users/didi/workspace/feature-probe-ui/src/components/Diff/index.tsx","statementMap":{"0":{"start":{"line":11,"column":34},"end":{"line":53,"column":1}},"1":{"start":{"line":12,"column":14},"end":{"line":12,"column":42}},"2":{"start":{"line":14,"column":2},"end":{"line":40,"column":29}},"3":{"start":{"line":15,"column":4},"end":{"line":39,"column":5}},"4":{"start":{"line":16,"column":6},"end":{"line":18,"column":7}},"5":{"start":{"line":17,"column":8},"end":{"line":17,"column":71}},"6":{"start":{"line":20,"column":21},"end":{"line":20,"column":77}},"7":{"start":{"line":21,"column":6},"end":{"line":28,"column":7}},"8":{"start":{"line":22,"column":8},"end":{"line":24,"column":11}},"9":{"start":{"line":23,"column":10},"end":{"line":23,"column":71}},"10":{"start":{"line":25,"column":8},"end":{"line":27,"column":11}},"11":{"start":{"line":26,"column":10},"end":{"line":26,"column":71}},"12":{"start":{"line":30,"column":21},"end":{"line":30,"column":75}},"13":{"start":{"line":32,"column":6},"end":{"line":34,"column":7}},"14":{"start":{"line":33,"column":8},"end":{"line":33,"column":64}},"15":{"start":{"line":36,"column":6},"end":{"line":38,"column":7}},"16":{"start":{"line":37,"column":8},"end":{"line":37,"column":64}},"17":{"start":{"line":42,"column":2},"end":{"line":52,"column":4}}},"fnMap":{"0":{"name":"(anonymous_0)","decl":{"start":{"line":11,"column":34},"end":{"line":11,"column":35}},"loc":{"start":{"line":11,"column":45},"end":{"line":53,"column":1}},"line":11},"1":{"name":"(anonymous_1)","decl":{"start":{"line":14,"column":12},"end":{"line":14,"column":13}},"loc":{"start":{"line":14,"column":18},"end":{"line":40,"column":3}},"line":14},"2":{"name":"(anonymous_2)","decl":{"start":{"line":22,"column":46},"end":{"line":22,"column":47}},"loc":{"start":{"line":22,"column":58},"end":{"line":24,"column":9}},"line":22},"3":{"name":"(anonymous_3)","decl":{"start":{"line":25,"column":46},"end":{"line":25,"column":47}},"loc":{"start":{"line":25,"column":58},"end":{"line":27,"column":9}},"line":25}},"branchMap":{"0":{"loc":{"start":{"line":15,"column":4},"end":{"line":39,"column":5}},"type":"if","locations":[{"start":{"line":15,"column":4},"end":{"line":39,"column":5}},{"start":{},"end":{}}],"line":15},"1":{"loc":{"start":{"line":16,"column":6},"end":{"line":18,"column":7}},"type":"if","locations":[{"start":{"line":16,"column":6},"end":{"line":18,"column":7}},{"start":{},"end":{}}],"line":16},"2":{"loc":{"start":{"line":16,"column":9},"end":{"line":16,"column":71}},"type":"binary-expr","locations":[{"start":{"line":16,"column":9},"end":{"line":16,"column":24}},{"start":{"line":16,"column":28},"end":{"line":16,"column":71}}],"line":16},"3":{"loc":{"start":{"line":21,"column":6},"end":{"line":28,"column":7}},"type":"if","locations":[{"start":{"line":21,"column":6},"end":{"line":28,"column":7}},{"start":{},"end":{}}],"line":21},"4":{"loc":{"start":{"line":21,"column":9},"end":{"line":21,"column":31}},"type":"binary-expr","locations":[{"start":{"line":21,"column":9},"end":{"line":21,"column":18}},{"start":{"line":21,"column":22},"end":{"line":21,"column":31}}],"line":21},"5":{"loc":{"start":{"line":32,"column":6},"end":{"line":34,"column":7}},"type":"if","locations":[{"start":{"line":32,"column":6},"end":{"line":34,"column":7}},{"start":{},"end":{}}],"line":32},"6":{"loc":{"start":{"line":32,"column":9},"end":{"line":32,"column":105}},"type":"binary-expr","locations":[{"start":{"line":32,"column":9},"end":{"line":32,"column":54}},{"start":{"line":32,"column":58},"end":{"line":32,"column":105}}],"line":32},"7":{"loc":{"start":{"line":36,"column":6},"end":{"line":38,"column":7}},"type":"if","locations":[{"start":{"line":36,"column":6},"end":{"line":38,"column":7}},{"start":{},"end":{}}],"line":36},"8":{"loc":{"start":{"line":36,"column":9},"end":{"line":36,"column":105}},"type":"binary-expr","locations":[{"start":{"line":36,"column":9},"end":{"line":36,"column":54}},{"start":{"line":36,"column":58},"end":{"line":36,"column":105}}],"line":36},"9":{"loc":{"start":{"line":45,"column":16},"end":{"line":45,"column":39}},"type":"binary-expr","locations":[{"start":{"line":45,"column":16},"end":{"line":45,"column":28}},{"start":{"line":45,"column":32},"end":{"line":45,"column":39}}],"line":45},"10":{"loc":{"start":{"line":46,"column":19},"end":{"line":46,"column":45}},"type":"binary-expr","locations":[{"start":{"line":46,"column":19},"end":{"line":46,"column":34}},{"start":{"line":46,"column":38},"end":{"line":46,"column":45}}],"line":46}},"s":{"0":1,"1":6,"2":6,"3":6,"4":6,"5":5,"6":6,"7":6,"8":6,"9":1,"10":6,"11":1,"12":6,"13":6,"14":1,"15":6,"16":1,"17":6},"f":{"0":6,"1":6,"2":1,"3":1},"b":{"0":[6,0],"1":[5,1],"2":[6,5],"3":[6,0],"4":[6,6],"5":[1,5],"6":[6,2],"7":[1,5],"8":[6,2],"9":[6,1],"10":[6,1]},"_coverageSchema":"1a1c01bbd47fc00a2c39e90264f33305004495a9","hash":"dbe87b57f8c2cb61d4b610f4326686c3378cb886"}
,"/Users/didi/workspace/feature-probe-ui/src/components/Filter/index.tsx": {"path":"/Users/didi/workspace/feature-probe-ui/src/components/Filter/index.tsx","statementMap":{"0":{"start":{"line":15,"column":15},"end":{"line":62,"column":1}},"1":{"start":{"line":16,"column":61},"end":{"line":16,"column":66}},"2":{"start":{"line":18,"column":39},"end":{"line":18,"column":63}},"3":{"start":{"line":20,"column":2},"end":{"line":61,"column":4}},"4":{"start":{"line":32,"column":12},"end":{"line":32,"column":34}},"5":{"start":{"line":33,"column":12},"end":{"line":33,"column":32}},"6":{"start":{"line":34,"column":12},"end":{"line":34,"column":32}},"7":{"start":{"line":39,"column":27},"end":{"line":39,"column":46}},"8":{"start":{"line":44,"column":14},"end":{"line":44,"column":28}},"9":{"start":{"line":52,"column":14},"end":{"line":52,"column":30}},"10":{"start":{"line":53,"column":14},"end":{"line":53,"column":35}}},"fnMap":{"0":{"name":"(anonymous_0)","decl":{"start":{"line":15,"column":15},"end":{"line":15,"column":16}},"loc":{"start":{"line":15,"column":34},"end":{"line":62,"column":1}},"line":15},"1":{"name":"(anonymous_1)","decl":{"start":{"line":31,"column":19},"end":{"line":31,"column":20}},"loc":{"start":{"line":31,"column":42},"end":{"line":35,"column":11}},"line":31},"2":{"name":"(anonymous_2)","decl":{"start":{"line":39,"column":20},"end":{"line":39,"column":21}},"loc":{"start":{"line":39,"column":27},"end":{"line":39,"column":46}},"line":39},"3":{"name":"(anonymous_3)","decl":{"start":{"line":43,"column":21},"end":{"line":43,"column":22}},"loc":{"start":{"line":43,"column":27},"end":{"line":45,"column":13}},"line":43},"4":{"name":"(anonymous_4)","decl":{"start":{"line":51,"column":21},"end":{"line":51,"column":22}},"loc":{"start":{"line":51,"column":27},"end":{"line":54,"column":13}},"line":51}},"branchMap":{"0":{"loc":{"start":{"line":30,"column":51},"end":{"line":30,"column":93}},"type":"binary-expr","locations":[{"start":{"line":30,"column":51},"end":{"line":30,"column":59}},{"start":{"line":30,"column":63},"end":{"line":30,"column":93}}],"line":30}},"s":{"0":1,"1":6,"2":6,"3":6,"4":2,"5":2,"6":2,"7":2,"8":1,"9":1,"10":1},"f":{"0":6,"1":2,"2":2,"3":1,"4":1},"b":{"0":[6,6]},"_coverageSchema":"1a1c01bbd47fc00a2c39e90264f33305004495a9","hash":"f3b69aa3c79ab550e6c126d5692cb48a20124d90"}
,"/Users/didi/workspace/feature-probe-ui/src/components/FormItem/description.tsx": {"path":"/Users/didi/workspace/feature-probe-ui/src/components/FormItem/description.tsx","statementMap":{"0":{"start":{"line":13,"column":28},"end":{"line":32,"column":1}},"1":{"start":{"line":14,"column":15},"end":{"line":14,"column":24}},"2":{"start":{"line":15,"column":41},"end":{"line":15,"column":46}},"3":{"start":{"line":17,"column":2},"end":{"line":31,"column":4}}},"fnMap":{"0":{"name":"(anonymous_0)","decl":{"start":{"line":13,"column":28},"end":{"line":13,"column":29}},"loc":{"start":{"line":13,"column":47},"end":{"line":32,"column":1}},"line":13}},"branchMap":{},"s":{"0":1,"1":2,"2":2,"3":2},"f":{"0":2},"b":{},"_coverageSchema":"1a1c01bbd47fc00a2c39e90264f33305004495a9","hash":"056335c46ec049493d615d51d9f4df4b5e48da60"}
,"/Users/didi/workspace/feature-probe-ui/src/components/FormItem/key.tsx": {"path":"/Users/didi/workspace/feature-probe-ui/src/components/FormItem/key.tsx","statementMap":{"0":{"start":{"line":20,"column":20},"end":{"line":80,"column":1}},"1":{"start":{"line":21,"column":15},"end":{"line":21,"column":24}},"2":{"start":{"line":22,"column":97},"end":{"line":22,"column":102}},"3":{"start":{"line":24,"column":2},"end":{"line":40,"column":23}},"4":{"start":{"line":25,"column":4},"end":{"line":39,"column":7}},"5":{"start":{"line":42,"column":2},"end":{"line":79,"column":4}}},"fnMap":{"0":{"name":"(anonymous_0)","decl":{"start":{"line":20,"column":20},"end":{"line":20,"column":21}},"loc":{"start":{"line":20,"column":39},"end":{"line":80,"column":1}},"line":20},"1":{"name":"(anonymous_1)","decl":{"start":{"line":24,"column":12},"end":{"line":24,"column":13}},"loc":{"start":{"line":24,"column":18},"end":{"line":40,"column":3}},"line":24}},"branchMap":{"0":{"loc":{"start":{"line":49,"column":12},"end":{"line":59,"column":13}},"type":"binary-expr","locations":[{"start":{"line":49,"column":12},"end":{"line":49,"column":21}},{"start":{"line":50,"column":14},"end":{"line":58,"column":16}}],"line":49},"1":{"loc":{"start":{"line":69,"column":18},"end":{"line":69,"column":43}},"type":"cond-expr","locations":[{"start":{"line":69,"column":31},"end":{"line":69,"column":35}},{"start":{"line":69,"column":38},"end":{"line":69,"column":43}}],"line":69},"2":{"loc":{"start":{"line":74,"column":8},"end":{"line":74,"column":88}},"type":"binary-expr","locations":[{"start":{"line":74,"column":8},"end":{"line":74,"column":18}},{"start":{"line":74,"column":22},"end":{"line":74,"column":88}}],"line":74}},"s":{"0":1,"1":2,"2":2,"3":2,"4":1,"5":2},"f":{"0":2,"1":1},"b":{"0":[2,2],"1":[1,1],"2":[2,1]},"_coverageSchema":"1a1c01bbd47fc00a2c39e90264f33305004495a9","hash":"be97de30de80145a91bf37503c6a1c36800f684b"}
,"/Users/didi/workspace/feature-probe-ui/src/components/FormItem/name.tsx": {"path":"/Users/didi/workspace/feature-probe-ui/src/components/FormItem/name.tsx","statementMap":{"0":{"start":{"line":17,"column":21},"end":{"line":47,"column":1}},"1":{"start":{"line":18,"column":15},"end":{"line":18,"column":24}},"2":{"start":{"line":19,"column":78},"end":{"line":19,"column":83}},"3":{"start":{"line":21,"column":2},"end":{"line":25,"column":23}},"4":{"start":{"line":22,"column":4},"end":{"line":24,"column":7}},"5":{"start":{"line":27,"column":2},"end":{"line":46,"column":4}}},"fnMap":{"0":{"name":"(anonymous_0)","decl":{"start":{"line":17,"column":21},"end":{"line":17,"column":22}},"loc":{"start":{"line":17,"column":40},"end":{"line":47,"column":1}},"line":17},"1":{"name":"(anonymous_1)","decl":{"start":{"line":21,"column":12},"end":{"line":21,"column":13}},"loc":{"start":{"line":21,"column":18},"end":{"line":25,"column":3}},"line":21}},"branchMap":{"0":{"loc":{"start":{"line":32,"column":11},"end":{"line":32,"column":68}},"type":"binary-expr","locations":[{"start":{"line":32,"column":11},"end":{"line":32,"column":22}},{"start":{"line":32,"column":26},"end":{"line":32,"column":68}}],"line":32},"1":{"loc":{"start":{"line":40,"column":18},"end":{"line":40,"column":44}},"type":"cond-expr","locations":[{"start":{"line":40,"column":32},"end":{"line":40,"column":36}},{"start":{"line":40,"column":39},"end":{"line":40,"column":44}}],"line":40},"2":{"loc":{"start":{"line":44,"column":8},"end":{"line":44,"column":90}},"type":"binary-expr","locations":[{"start":{"line":44,"column":8},"end":{"line":44,"column":19}},{"start":{"line":44,"column":23},"end":{"line":44,"column":90}}],"line":44}},"s":{"0":1,"1":2,"2":2,"3":2,"4":1,"5":2},"f":{"0":2,"1":1},"b":{"0":[2,2],"1":[1,1],"2":[2,1]},"_coverageSchema":"1a1c01bbd47fc00a2c39e90264f33305004495a9","hash":"c8cbb6ce81c5a11b2858d2f8483bd90e9f721b6e"}
,"/Users/didi/workspace/feature-probe-ui/src/components/FormItem/password.tsx": {"path":"/Users/didi/workspace/feature-probe-ui/src/components/FormItem/password.tsx","statementMap":{"0":{"start":{"line":13,"column":25},"end":{"line":58,"column":1}},"1":{"start":{"line":14,"column":15},"end":{"line":14,"column":24}},"2":{"start":{"line":15,"column":41},"end":{"line":15,"column":46}},"3":{"start":{"line":17,"column":2},"end":{"line":33,"column":23}},"4":{"start":{"line":18,"column":4},"end":{"line":32,"column":7}},"5":{"start":{"line":35,"column":2},"end":{"line":57,"column":4}}},"fnMap":{"0":{"name":"(anonymous_0)","decl":{"start":{"line":13,"column":25},"end":{"line":13,"column":26}},"loc":{"start":{"line":13,"column":44},"end":{"line":58,"column":1}},"line":13},"1":{"name":"(anonymous_1)","decl":{"start":{"line":17,"column":12},"end":{"line":17,"column":13}},"loc":{"start":{"line":17,"column":18},"end":{"line":33,"column":3}},"line":17}},"branchMap":{"0":{"loc":{"start":{"line":48,"column":18},"end":{"line":48,"column":48}},"type":"cond-expr","locations":[{"start":{"line":48,"column":36},"end":{"line":48,"column":40}},{"start":{"line":48,"column":43},"end":{"line":48,"column":48}}],"line":48},"1":{"loc":{"start":{"line":52,"column":8},"end":{"line":52,"column":98}},"type":"binary-expr","locations":[{"start":{"line":52,"column":8},"end":{"line":52,"column":23}},{"start":{"line":52,"column":27},"end":{"line":52,"column":98}}],"line":52}},"s":{"0":1,"1":2,"2":2,"3":2,"4":1,"5":2},"f":{"0":2,"1":1},"b":{"0":[1,1],"1":[2,1]},"_coverageSchema":"1a1c01bbd47fc00a2c39e90264f33305004495a9","hash":"7e9c86aab110c5793dee9356b706aa9feda61366"}
,"/Users/didi/workspace/feature-probe-ui/src/components/History/index.tsx": {"path":"/Users/didi/workspace/feature-probe-ui/src/components/History/index.tsx","statementMap":{"0":{"start":{"line":22,"column":16},"end":{"line":209,"column":1}},"1":{"start":{"line":23,"column":107},"end":{"line":23,"column":112}},"2":{"start":{"line":25,"column":2},"end":{"line":208,"column":4}},"3":{"start":{"line":48,"column":35},"end":{"line":53,"column":19}},"4":{"start":{"line":55,"column":36},"end":{"line":60,"column":19}},"5":{"start":{"line":62,"column":37},"end":{"line":66,"column":19}},"6":{"start":{"line":68,"column":41},"end":{"line":73,"column":19}},"7":{"start":{"line":75,"column":18},"end":{"line":185,"column":20}},"8":{"start":{"line":80,"column":24},"end":{"line":80,"column":44}},"9":{"start":{"line":81,"column":24},"end":{"line":83,"column":25}},"10":{"start":{"line":82,"column":26},"end":{"line":82,"column":33}},"11":{"start":{"line":84,"column":24},"end":{"line":84,"column":44}}},"fnMap":{"0":{"name":"(anonymous_0)","decl":{"start":{"line":22,"column":16},"end":{"line":22,"column":17}},"loc":{"start":{"line":22,"column":35},"end":{"line":209,"column":1}},"line":22},"1":{"name":"(anonymous_1)","decl":{"start":{"line":47,"column":52},"end":{"line":47,"column":53}},"loc":{"start":{"line":47,"column":62},"end":{"line":186,"column":17}},"line":47},"2":{"name":"(anonymous_2)","decl":{"start":{"line":79,"column":31},"end":{"line":79,"column":32}},"loc":{"start":{"line":79,"column":54},"end":{"line":85,"column":23}},"line":79}},"branchMap":{"0":{"loc":{"start":{"line":34,"column":10},"end":{"line":204,"column":11}},"type":"cond-expr","locations":[{"start":{"line":34,"column":29},"end":{"line":34,"column":40}},{"start":{"line":35,"column":12},"end":{"line":203,"column":29}}],"line":34},"1":{"loc":{"start":{"line":47,"column":16},"end":{"line":186,"column":18}},"type":"binary-expr","locations":[{"start":{"line":47,"column":16},"end":{"line":47,"column":35}},{"start":{"line":47,"column":39},"end":{"line":186,"column":18}}],"line":47},"2":{"loc":{"start":{"line":81,"column":24},"end":{"line":83,"column":25}},"type":"if","locations":[{"start":{"line":81,"column":24},"end":{"line":83,"column":25}},{"start":{},"end":{}}],"line":81},"3":{"loc":{"start":{"line":99,"column":28},"end":{"line":103,"column":29}},"type":"binary-expr","locations":[{"start":{"line":99,"column":28},"end":{"line":99,"column":58}},{"start":{"line":100,"column":30},"end":{"line":102,"column":37}}],"line":99},"4":{"loc":{"start":{"line":108,"column":30},"end":{"line":108,"column":160}},"type":"cond-expr","locations":[{"start":{"line":108,"column":63},"end":{"line":108,"column":109}},{"start":{"line":108,"column":112},"end":{"line":108,"column":160}}],"line":108},"5":{"loc":{"start":{"line":127,"column":26},"end":{"line":148,"column":27}},"type":"binary-expr","locations":[{"start":{"line":127,"column":26},"end":{"line":127,"column":56}},{"start":{"line":127,"column":60},"end":{"line":127,"column":97}},{"start":{"line":128,"column":28},"end":{"line":147,"column":34}}],"line":127},"6":{"loc":{"start":{"line":151,"column":26},"end":{"line":172,"column":27}},"type":"binary-expr","locations":[{"start":{"line":151,"column":26},"end":{"line":151,"column":56}},{"start":{"line":152,"column":28},"end":{"line":171,"column":34}}],"line":151},"7":{"loc":{"start":{"line":175,"column":26},"end":{"line":181,"column":32}},"type":"binary-expr","locations":[{"start":{"line":175,"column":26},"end":{"line":175,"column":38}},{"start":{"line":175,"column":42},"end":{"line":181,"column":32}}],"line":175},"8":{"loc":{"start":{"line":189,"column":16},"end":{"line":193,"column":17}},"type":"binary-expr","locations":[{"start":{"line":189,"column":16},"end":{"line":189,"column":23}},{"start":{"line":189,"column":27},"end":{"line":189,"column":48}},{"start":{"line":190,"column":18},"end":{"line":192,"column":24}}],"line":189},"9":{"loc":{"start":{"line":196,"column":16},"end":{"line":201,"column":17}},"type":"binary-expr","locations":[{"start":{"line":196,"column":16},"end":{"line":196,"column":37}},{"start":{"line":197,"column":18},"end":{"line":200,"column":24}}],"line":196}},"s":{"0":1,"1":5,"2":5,"3":22,"4":22,"5":22,"6":22,"7":22,"8":2,"9":2,"10":1,"11":1},"f":{"0":5,"1":22,"2":2},"b":{"0":[1,4],"1":[4,3],"2":[1,1],"3":[22,3],"4":[0,22],"5":[22,1,1],"6":[22,0],"7":[22,1],"8":[4,4,3],"9":[4,1]},"_coverageSchema":"1a1c01bbd47fc00a2c39e90264f33305004495a9","hash":"9826bd5ace1435975d332971f86114efe781d37d"}
,"/Users/didi/workspace/feature-probe-ui/src/components/Icon/index.tsx": {"path":"/Users/didi/workspace/feature-probe-ui/src/components/Icon/index.tsx","statementMap":{"0":{"start":{"line":8,"column":13},"end":{"line":14,"column":1}},"1":{"start":{"line":9,"column":32},"end":{"line":9,"column":37}},"2":{"start":{"line":11,"column":2},"end":{"line":13,"column":4}}},"fnMap":{"0":{"name":"(anonymous_0)","decl":{"start":{"line":8,"column":13},"end":{"line":8,"column":14}},"loc":{"start":{"line":8,"column":32},"end":{"line":14,"column":1}},"line":8}},"branchMap":{},"s":{"0":15,"1":1331,"2":1331},"f":{"0":1331},"b":{},"_coverageSchema":"1a1c01bbd47fc00a2c39e90264f33305004495a9","hash":"fc32a0aa2af170150b6cd98e9b0bb72395656bd8"}
,"/Users/didi/workspace/feature-probe-ui/src/components/JsonEditor/index.tsx": {"path":"/Users/didi/workspace/feature-probe-ui/src/components/JsonEditor/index.tsx","statementMap":{"0":{"start":{"line":14,"column":0},"end":{"line":14,"column":27}},"1":{"start":{"line":21,"column":19},"end":{"line":51,"column":1}},"2":{"start":{"line":22,"column":30},"end":{"line":22,"column":35}},"3":{"start":{"line":23,"column":20},"end":{"line":23,"column":53}},"4":{"start":{"line":25,"column":2},"end":{"line":46,"column":24}},"5":{"start":{"line":26,"column":4},"end":{"line":44,"column":5}},"6":{"start":{"line":27,"column":27},"end":{"line":31,"column":8}},"7":{"start":{"line":33,"column":6},"end":{"line":39,"column":7}},"8":{"start":{"line":34,"column":8},"end":{"line":36,"column":9}},"9":{"start":{"line":35,"column":10},"end":{"line":35,"column":76}},"10":{"start":{"line":38,"column":8},"end":{"line":38,"column":43}},"11":{"start":{"line":41,"column":6},"end":{"line":43,"column":9}},"12":{"start":{"line":42,"column":8},"end":{"line":42,"column":32}},"13":{"start":{"line":48,"column":2},"end":{"line":50,"column":4}}},"fnMap":{"0":{"name":"(anonymous_0)","decl":{"start":{"line":21,"column":19},"end":{"line":21,"column":20}},"loc":{"start":{"line":21,"column":38},"end":{"line":51,"column":1}},"line":21},"1":{"name":"(anonymous_1)","decl":{"start":{"line":25,"column":12},"end":{"line":25,"column":13}},"loc":{"start":{"line":25,"column":18},"end":{"line":46,"column":3}},"line":25},"2":{"name":"(anonymous_2)","decl":{"start":{"line":41,"column":32},"end":{"line":41,"column":33}},"loc":{"start":{"line":41,"column":38},"end":{"line":43,"column":7}},"line":41}},"branchMap":{"0":{"loc":{"start":{"line":26,"column":4},"end":{"line":44,"column":5}},"type":"if","locations":[{"start":{"line":26,"column":4},"end":{"line":44,"column":5}},{"start":{},"end":{}}],"line":26},"1":{"loc":{"start":{"line":34,"column":8},"end":{"line":36,"column":9}},"type":"if","locations":[{"start":{"line":34,"column":8},"end":{"line":36,"column":9}},{"start":{},"end":{}}],"line":34},"2":{"loc":{"start":{"line":38,"column":30},"end":{"line":38,"column":41}},"type":"binary-expr","locations":[{"start":{"line":38,"column":30},"end":{"line":38,"column":35}},{"start":{"line":38,"column":39},"end":{"line":38,"column":41}}],"line":38}},"s":{"0":3,"1":3,"2":20,"3":20,"4":20,"5":5,"6":5,"7":5,"8":5,"9":2,"10":1,"11":5,"12":28,"13":20},"f":{"0":20,"1":5,"2":28},"b":{"0":[5,0],"1":[2,3],"2":[1,0]},"_coverageSchema":"1a1c01bbd47fc00a2c39e90264f33305004495a9","hash":"63dea9192e4e28777ddc036147d5c68639a96e46"}
,"/Users/didi/workspace/feature-probe-ui/src/components/Loading/index.tsx": {"path":"/Users/didi/workspace/feature-probe-ui/src/components/Loading/index.tsx","statementMap":{"0":{"start":{"line":4,"column":16},"end":{"line":12,"column":1}},"1":{"start":{"line":5,"column":2},"end":{"line":11,"column":4}}},"fnMap":{"0":{"name":"(anonymous_0)","decl":{"start":{"line":4,"column":16},"end":{"line":4,"column":17}},"loc":{"start":{"line":4,"column":40},"end":{"line":12,"column":1}},"line":4}},"branchMap":{},"s":{"0":2,"1":2},"f":{"0":2},"b":{},"_coverageSchema":"1a1c01bbd47fc00a2c39e90264f33305004495a9","hash":"cae1a6dd54daf9a858a3066f519680df0cdadf54"}
,"/Users/didi/workspace/feature-probe-ui/src/components/MessageBox/index.tsx": {"path":"/Users/didi/workspace/feature-probe-ui/src/components/MessageBox/index.tsx","statementMap":{"0":{"start":{"line":15,"column":25},"end":{"line":20,"column":1}},"1":{"start":{"line":23,"column":30},"end":{"line":32,"column":1}},"2":{"start":{"line":34,"column":23},"end":{"line":63,"column":1}},"3":{"start":{"line":36,"column":4},"end":{"line":40,"column":7}},"4":{"start":{"line":43,"column":4},"end":{"line":47,"column":7}},"5":{"start":{"line":50,"column":4},"end":{"line":54,"column":7}},"6":{"start":{"line":57,"column":4},"end":{"line":61,"column":7}}},"fnMap":{"0":{"name":"(anonymous_0)","decl":{"start":{"line":35,"column":8},"end":{"line":35,"column":9}},"loc":{"start":{"line":35,"column":48},"end":{"line":41,"column":3}},"line":35},"1":{"name":"(anonymous_1)","decl":{"start":{"line":42,"column":11},"end":{"line":42,"column":12}},"loc":{"start":{"line":42,"column":51},"end":{"line":48,"column":3}},"line":42},"2":{"name":"(anonymous_2)","decl":{"start":{"line":49,"column":8},"end":{"line":49,"column":9}},"loc":{"start":{"line":49,"column":48},"end":{"line":55,"column":3}},"line":49},"3":{"name":"(anonymous_3)","decl":{"start":{"line":56,"column":9},"end":{"line":56,"column":10}},"loc":{"start":{"line":56,"column":49},"end":{"line":62,"column":3}},"line":56}},"branchMap":{"0":{"loc":{"start":{"line":39,"column":17},"end":{"line":39,"column":33}},"type":"binary-expr","locations":[{"start":{"line":39,"column":17},"end":{"line":39,"column":25}},{"start":{"line":39,"column":29},"end":{"line":39,"column":33}}],"line":39},"1":{"loc":{"start":{"line":46,"column":17},"end":{"line":46,"column":33}},"type":"binary-expr","locations":[{"start":{"line":46,"column":17},"end":{"line":46,"column":25}},{"start":{"line":46,"column":29},"end":{"line":46,"column":33}}],"line":46},"2":{"loc":{"start":{"line":53,"column":17},"end":{"line":53,"column":33}},"type":"binary-expr","locations":[{"start":{"line":53,"column":17},"end":{"line":53,"column":25}},{"start":{"line":53,"column":29},"end":{"line":53,"column":33}}],"line":53},"3":{"loc":{"start":{"line":60,"column":17},"end":{"line":60,"column":33}},"type":"binary-expr","locations":[{"start":{"line":60,"column":17},"end":{"line":60,"column":25}},{"start":{"line":60,"column":29},"end":{"line":60,"column":33}}],"line":60}},"s":{"0":5,"1":5,"2":5,"3":1,"4":1,"5":1,"6":5},"f":{"0":1,"1":1,"2":1,"3":5},"b":{"0":[1,1],"1":[1,1],"2":[1,1],"3":[5,5]},"_coverageSchema":"1a1c01bbd47fc00a2c39e90264f33305004495a9","hash":"00a8742a6f6b8932942843a7b14d23f43b51d562"}
,"/Users/didi/workspace/feature-probe-ui/src/components/Modal/index.tsx": {"path":"/Users/didi/workspace/feature-probe-ui/src/components/Modal/index.tsx","statementMap":{"0":{"start":{"line":17,"column":21},"end":{"line":47,"column":1}},"1":{"start":{"line":18,"column":90},"end":{"line":18,"column":95}},"2":{"start":{"line":20,"column":2},"end":{"line":46,"column":4}},"3":{"start":{"line":32,"column":80},"end":{"line":32,"column":100}}},"fnMap":{"0":{"name":"(anonymous_0)","decl":{"start":{"line":17,"column":21},"end":{"line":17,"column":22}},"loc":{"start":{"line":17,"column":40},"end":{"line":47,"column":1}},"line":17},"1":{"name":"(anonymous_1)","decl":{"start":{"line":32,"column":55},"end":{"line":32,"column":56}},"loc":{"start":{"line":32,"column":78},"end":{"line":32,"column":102}},"line":32}},"branchMap":{"0":{"loc":{"start":{"line":26,"column":24},"end":{"line":26,"column":36}},"type":"binary-expr","locations":[{"start":{"line":26,"column":24},"end":{"line":26,"column":29}},{"start":{"line":26,"column":33},"end":{"line":26,"column":36}}],"line":26},"1":{"loc":{"start":{"line":31,"column":10},"end":{"line":42,"column":13}},"type":"cond-expr","locations":[{"start":{"line":32,"column":12},"end":{"line":39,"column":18}},{"start":{"line":40,"column":14},"end":{"line":42,"column":13}}],"line":31}},"s":{"0":3,"1":162,"2":162,"3":4},"f":{"0":162,"1":4},"b":{"0":[162,162],"1":[161,1]},"_coverageSchema":"1a1c01bbd47fc00a2c39e90264f33305004495a9","hash":"5f170bd76faa11c05adcced978fe9e3f6b90c9a8"}
,"/Users/didi/workspace/feature-probe-ui/src/components/NoData/index.tsx": {"path":"/Users/didi/workspace/feature-probe-ui/src/components/NoData/index.tsx","statementMap":{"0":{"start":{"line":8,"column":15},"end":{"line":21,"column":1}},"1":{"start":{"line":9,"column":19},"end":{"line":9,"column":24}},"2":{"start":{"line":11,"column":2},"end":{"line":20,"column":4}}},"fnMap":{"0":{"name":"(anonymous_0)","decl":{"start":{"line":8,"column":15},"end":{"line":8,"column":16}},"loc":{"start":{"line":8,"column":34},"end":{"line":21,"column":1}},"line":8}},"branchMap":{"0":{"loc":{"start":{"line":17,"column":10},"end":{"line":17,"column":62}},"type":"binary-expr","locations":[{"start":{"line":17,"column":10},"end":{"line":17,"column":14}},{"start":{"line":17,"column":18},"end":{"line":17,"column":62}}],"line":17}},"s":{"0":1,"1":2,"2":2},"f":{"0":2},"b":{"0":[2,1]},"_coverageSchema":"1a1c01bbd47fc00a2c39e90264f33305004495a9","hash":"7b59d98f5fa6a7e54a58166d0aa9c052f53253d3"}
,"/Users/didi/workspace/feature-probe-ui/src/components/Pagination/index.tsx": {"path":"/Users/didi/workspace/feature-probe-ui/src/components/Pagination/index.tsx","statementMap":{"0":{"start":{"line":20,"column":25},"end":{"line":52,"column":1}},"1":{"start":{"line":21,"column":67},"end":{"line":21,"column":72}},"2":{"start":{"line":23,"column":2},"end":{"line":51,"column":4}}},"fnMap":{"0":{"name":"(anonymous_0)","decl":{"start":{"line":20,"column":25},"end":{"line":20,"column":26}},"loc":{"start":{"line":20,"column":44},"end":{"line":52,"column":1}},"line":20}},"branchMap":{"0":{"loc":{"start":{"line":26,"column":8},"end":{"line":31,"column":9}},"type":"cond-expr","locations":[{"start":{"line":26,"column":20},"end":{"line":26,"column":59}},{"start":{"line":27,"column":10},"end":{"line":30,"column":16}}],"line":26},"1":{"loc":{"start":{"line":29,"column":14},"end":{"line":29,"column":60}},"type":"binary-expr","locations":[{"start":{"line":29,"column":14},"end":{"line":29,"column":18}},{"start":{"line":29,"column":22},"end":{"line":29,"column":60}}],"line":29},"2":{"loc":{"start":{"line":34,"column":8},"end":{"line":48,"column":9}},"type":"binary-expr","locations":[{"start":{"line":34,"column":8},"end":{"line":34,"column":33}},{"start":{"line":35,"column":10},"end":{"line":47,"column":12}}],"line":34}},"s":{"0":1,"1":3,"2":3},"f":{"0":3},"b":{"0":[1,2],"1":[2,2],"2":[3,3]},"_coverageSchema":"1a1c01bbd47fc00a2c39e90264f33305004495a9","hash":"51ed04f7b1415cce3eef6535ae8801e5106dfdee"}
,"/Users/didi/workspace/feature-probe-ui/src/components/PopupConfirm/index.tsx": {"path":"/Users/didi/workspace/feature-probe-ui/src/components/PopupConfirm/index.tsx","statementMap":{"0":{"start":{"line":16,"column":21},"end":{"line":37,"column":1}},"1":{"start":{"line":17,"column":64},"end":{"line":17,"column":69}},"2":{"start":{"line":19,"column":2},"end":{"line":36,"column":4}}},"fnMap":{"0":{"name":"(anonymous_0)","decl":{"start":{"line":16,"column":21},"end":{"line":16,"column":22}},"loc":{"start":{"line":16,"column":40},"end":{"line":37,"column":1}},"line":16}},"branchMap":{},"s":{"0":4,"1":107,"2":107},"f":{"0":107},"b":{},"_coverageSchema":"1a1c01bbd47fc00a2c39e90264f33305004495a9","hash":"6d7fb1d3e77d4df4f791b24ca837408806952555"}
,"/Users/didi/workspace/feature-probe-ui/src/components/PutAway/index.tsx": {"path":"/Users/didi/workspace/feature-probe-ui/src/components/PutAway/index.tsx","statementMap":{"0":{"start":{"line":8,"column":16},"end":{"line":56,"column":1}},"1":{"start":{"line":12,"column":6},"end":{"line":12,"column":37}},"2":{"start":{"line":14,"column":21},"end":{"line":19,"column":3}},"3":{"start":{"line":21,"column":28},"end":{"line":26,"column":3}},"4":{"start":{"line":28,"column":2},"end":{"line":39,"column":32}},"5":{"start":{"line":29,"column":4},"end":{"line":29,"column":28}},"6":{"start":{"line":31,"column":22},"end":{"line":31,"column":55}},"7":{"start":{"line":32,"column":4},"end":{"line":38,"column":5}},"8":{"start":{"line":33,"column":6},"end":{"line":37,"column":7}},"9":{"start":{"line":34,"column":8},"end":{"line":34,"column":39}},"10":{"start":{"line":36,"column":8},"end":{"line":36,"column":39}},"11":{"start":{"line":41,"column":2},"end":{"line":55,"column":3}},"12":{"start":{"line":42,"column":48},"end":{"line":42,"column":73}}},"fnMap":{"0":{"name":"(anonymous_0)","decl":{"start":{"line":8,"column":16},"end":{"line":8,"column":17}},"loc":{"start":{"line":8,"column":22},"end":{"line":56,"column":1}},"line":8},"1":{"name":"(anonymous_1)","decl":{"start":{"line":28,"column":12},"end":{"line":28,"column":13}},"loc":{"start":{"line":28,"column":18},"end":{"line":39,"column":3}},"line":28},"2":{"name":"(anonymous_2)","decl":{"start":{"line":42,"column":41},"end":{"line":42,"column":42}},"loc":{"start":{"line":42,"column":47},"end":{"line":42,"column":74}},"line":42}},"branchMap":{"0":{"loc":{"start":{"line":32,"column":4},"end":{"line":38,"column":5}},"type":"if","locations":[{"start":{"line":32,"column":4},"end":{"line":38,"column":5}},{"start":{},"end":{}}],"line":32},"1":{"loc":{"start":{"line":33,"column":6},"end":{"line":37,"column":7}},"type":"if","locations":[{"start":{"line":33,"column":6},"end":{"line":37,"column":7}},{"start":{"line":35,"column":13},"end":{"line":37,"column":7}}],"line":33},"2":{"loc":{"start":{"line":45,"column":8},"end":{"line":47,"column":66}},"type":"cond-expr","locations":[{"start":{"line":46,"column":12},"end":{"line":46,"column":64}},{"start":{"line":47,"column":12},"end":{"line":47,"column":66}}],"line":45},"3":{"loc":{"start":{"line":50,"column":8},"end":{"line":52,"column":15}},"type":"binary-expr","locations":[{"start":{"line":50,"column":8},"end":{"line":50,"column":18}},{"start":{"line":50,"column":22},"end":{"line":52,"column":15}}],"line":50}},"s":{"0":1,"1":6,"2":6,"3":6,"4":6,"5":6,"6":6,"7":6,"8":2,"9":1,"10":1,"11":6,"12":1},"f":{"0":6,"1":6,"2":1},"b":{"0":[2,4],"1":[1,1],"2":[3,3],"3":[6,3]},"_coverageSchema":"1a1c01bbd47fc00a2c39e90264f33305004495a9","hash":"6884579bcf231b9e9471b8388e1cb98bf6152756"}
,"/Users/didi/workspace/feature-probe-ui/src/components/PutAwayMenu/index.tsx": {"path":"/Users/didi/workspace/feature-probe-ui/src/components/PutAwayMenu/index.tsx","statementMap":{"0":{"start":{"line":11,"column":20},"end":{"line":41,"column":1}},"1":{"start":{"line":12,"column":37},"end":{"line":12,"column":42}},"2":{"start":{"line":14,"column":2},"end":{"line":40,"column":3}}},"fnMap":{"0":{"name":"(anonymous_0)","decl":{"start":{"line":11,"column":20},"end":{"line":11,"column":21}},"loc":{"start":{"line":11,"column":39},"end":{"line":41,"column":1}},"line":11}},"branchMap":{"0":{"loc":{"start":{"line":17,"column":8},"end":{"line":37,"column":9}},"type":"cond-expr","locations":[{"start":{"line":18,"column":10},"end":{"line":29,"column":13}},{"start":{"line":31,"column":10},"end":{"line":36,"column":13}}],"line":17}},"s":{"0":1,"1":3,"2":3},"f":{"0":3},"b":{"0":[2,1]},"_coverageSchema":"1a1c01bbd47fc00a2c39e90264f33305004495a9","hash":"7adeb564cc2b46ff42c48ed6b1a23d65202a6080"}
,"/Users/didi/workspace/feature-probe-ui/src/components/Rule/RuleContent.tsx": {"path":"/Users/didi/workspace/feature-probe-ui/src/components/Rule/RuleContent.tsx","statementMap":{"0":{"start":{"line":25,"column":20},"end":{"line":135,"column":1}},"1":{"start":{"line":36,"column":6},"end":{"line":36,"column":11}},"2":{"start":{"line":40,"column":2},"end":{"line":42,"column":3}},"3":{"start":{"line":41,"column":4},"end":{"line":41,"column":62}},"4":{"start":{"line":47,"column":6},"end":{"line":47,"column":34}},"5":{"start":{"line":49,"column":21},"end":{"line":56,"column":3}},"6":{"start":{"line":58,"column":1},"end":{"line":134,"column":3}},"7":{"start":{"line":62,"column":10},"end":{"line":77,"column":12}},"8":{"start":{"line":96,"column":64},"end":{"line":96,"column":107}},"9":{"start":{"line":99,"column":64},"end":{"line":99,"column":107}},"10":{"start":{"line":102,"column":64},"end":{"line":102,"column":109}},"11":{"start":{"line":105,"column":64},"end":{"line":105,"column":107}},"12":{"start":{"line":110,"column":68},"end":{"line":110,"column":112}},"13":{"start":{"line":128,"column":41},"end":{"line":128,"column":75}}},"fnMap":{"0":{"name":"(anonymous_0)","decl":{"start":{"line":25,"column":20},"end":{"line":25,"column":21}},"loc":{"start":{"line":25,"column":39},"end":{"line":135,"column":1}},"line":25},"1":{"name":"(anonymous_1)","decl":{"start":{"line":61,"column":29},"end":{"line":61,"column":30}},"loc":{"start":{"line":61,"column":71},"end":{"line":78,"column":9}},"line":61},"2":{"name":"(anonymous_2)","decl":{"start":{"line":96,"column":58},"end":{"line":96,"column":59}},"loc":{"start":{"line":96,"column":63},"end":{"line":96,"column":108}},"line":96},"3":{"name":"(anonymous_3)","decl":{"start":{"line":99,"column":58},"end":{"line":99,"column":59}},"loc":{"start":{"line":99,"column":63},"end":{"line":99,"column":108}},"line":99},"4":{"name":"(anonymous_4)","decl":{"start":{"line":102,"column":58},"end":{"line":102,"column":59}},"loc":{"start":{"line":102,"column":63},"end":{"line":102,"column":110}},"line":102},"5":{"name":"(anonymous_5)","decl":{"start":{"line":105,"column":58},"end":{"line":105,"column":59}},"loc":{"start":{"line":105,"column":63},"end":{"line":105,"column":108}},"line":105},"6":{"name":"(anonymous_6)","decl":{"start":{"line":110,"column":62},"end":{"line":110,"column":63}},"loc":{"start":{"line":110,"column":67},"end":{"line":110,"column":113}},"line":110},"7":{"name":"(anonymous_7)","decl":{"start":{"line":128,"column":31},"end":{"line":128,"column":32}},"loc":{"start":{"line":128,"column":41},"end":{"line":128,"column":75}},"line":128}},"branchMap":{"0":{"loc":{"start":{"line":40,"column":2},"end":{"line":42,"column":3}},"type":"if","locations":[{"start":{"line":40,"column":2},"end":{"line":42,"column":3}},{"start":{},"end":{}}],"line":40},"1":{"loc":{"start":{"line":109,"column":14},"end":{"line":113,"column":15}},"type":"binary-expr","locations":[{"start":{"line":109,"column":14},"end":{"line":109,"column":24}},{"start":{"line":110,"column":16},"end":{"line":112,"column":22}}],"line":109},"2":{"loc":{"start":{"line":120,"column":8},"end":{"line":131,"column":9}},"type":"binary-expr","locations":[{"start":{"line":120,"column":8},"end":{"line":120,"column":18}},{"start":{"line":121,"column":10},"end":{"line":130,"column":12}}],"line":120}},"s":{"0":3,"1":120,"2":120,"3":104,"4":120,"5":120,"6":120,"7":14,"8":1,"9":1,"10":1,"11":1,"12":1,"13":0},"f":{"0":120,"1":14,"2":1,"3":1,"4":1,"5":1,"6":1,"7":0},"b":{"0":[104,16],"1":[120,17],"2":[120,104]},"_coverageSchema":"1a1c01bbd47fc00a2c39e90264f33305004495a9","hash":"60620bc35c4235829c6d5934cc28f79521d09638"}
,"/Users/didi/workspace/feature-probe-ui/src/components/Rule/RuleTitle.tsx": {"path":"/Users/didi/workspace/feature-probe-ui/src/components/Rule/RuleTitle.tsx","statementMap":{"0":{"start":{"line":19,"column":18},"end":{"line":117,"column":1}},"1":{"start":{"line":27,"column":6},"end":{"line":27,"column":11}},"2":{"start":{"line":29,"column":15},"end":{"line":29,"column":24}},"3":{"start":{"line":30,"column":26},"end":{"line":30,"column":50}},"4":{"start":{"line":35,"column":6},"end":{"line":35,"column":34}},"5":{"start":{"line":41,"column":6},"end":{"line":41,"column":39}},"6":{"start":{"line":43,"column":2},"end":{"line":47,"column":16}},"7":{"start":{"line":44,"column":4},"end":{"line":46,"column":5}},"8":{"start":{"line":45,"column":6},"end":{"line":45,"column":21}},"9":{"start":{"line":49,"column":23},"end":{"line":59,"column":60}},"10":{"start":{"line":50,"column":4},"end":{"line":50,"column":24}},"11":{"start":{"line":52,"column":4},"end":{"line":57,"column":5}},"12":{"start":{"line":53,"column":6},"end":{"line":56,"column":7}},"13":{"start":{"line":54,"column":8},"end":{"line":54,"column":24}},"14":{"start":{"line":55,"column":8},"end":{"line":55,"column":25}},"15":{"start":{"line":58,"column":4},"end":{"line":58,"column":28}},"16":{"start":{"line":61,"column":27},"end":{"line":63,"column":8}},"17":{"start":{"line":62,"column":4},"end":{"line":62,"column":24}},"18":{"start":{"line":65,"column":23},"end":{"line":67,"column":34}},"19":{"start":{"line":66,"column":4},"end":{"line":66,"column":43}},"20":{"start":{"line":69,"column":1},"end":{"line":116,"column":3}},"21":{"start":{"line":80,"column":14},"end":{"line":80,"column":52}},"22":{"start":{"line":80,"column":45},"end":{"line":80,"column":52}},"23":{"start":{"line":81,"column":14},"end":{"line":81,"column":38}},"24":{"start":{"line":93,"column":16},"end":{"line":93,"column":36}},"25":{"start":{"line":94,"column":16},"end":{"line":94,"column":48}},"26":{"start":{"line":95,"column":16},"end":{"line":95,"column":31}},"27":{"start":{"line":98,"column":16},"end":{"line":98,"column":36}},"28":{"start":{"line":99,"column":16},"end":{"line":99,"column":31}},"29":{"start":{"line":107,"column":18},"end":{"line":107,"column":32}},"30":{"start":{"line":108,"column":18},"end":{"line":108,"column":38}}},"fnMap":{"0":{"name":"(anonymous_0)","decl":{"start":{"line":19,"column":18},"end":{"line":19,"column":19}},"loc":{"start":{"line":19,"column":37},"end":{"line":117,"column":1}},"line":19},"1":{"name":"(anonymous_1)","decl":{"start":{"line":43,"column":12},"end":{"line":43,"column":13}},"loc":{"start":{"line":43,"column":18},"end":{"line":47,"column":3}},"line":43},"2":{"name":"(anonymous_2)","decl":{"start":{"line":49,"column":35},"end":{"line":49,"column":36}},"loc":{"start":{"line":49,"column":90},"end":{"line":59,"column":3}},"line":49},"3":{"name":"(anonymous_3)","decl":{"start":{"line":61,"column":39},"end":{"line":61,"column":40}},"loc":{"start":{"line":61,"column":62},"end":{"line":63,"column":3}},"line":61},"4":{"name":"(anonymous_4)","decl":{"start":{"line":65,"column":35},"end":{"line":65,"column":36}},"loc":{"start":{"line":65,"column":83},"end":{"line":67,"column":3}},"line":65},"5":{"name":"(anonymous_5)","decl":{"start":{"line":79,"column":22},"end":{"line":79,"column":23}},"loc":{"start":{"line":79,"column":78},"end":{"line":82,"column":13}},"line":79},"6":{"name":"(anonymous_6)","decl":{"start":{"line":92,"column":29},"end":{"line":92,"column":30}},"loc":{"start":{"line":92,"column":52},"end":{"line":96,"column":15}},"line":92},"7":{"name":"(anonymous_7)","decl":{"start":{"line":97,"column":28},"end":{"line":97,"column":29}},"loc":{"start":{"line":97,"column":51},"end":{"line":100,"column":15}},"line":97},"8":{"name":"(anonymous_8)","decl":{"start":{"line":106,"column":25},"end":{"line":106,"column":26}},"loc":{"start":{"line":106,"column":48},"end":{"line":109,"column":17}},"line":106}},"branchMap":{"0":{"loc":{"start":{"line":44,"column":4},"end":{"line":46,"column":5}},"type":"if","locations":[{"start":{"line":44,"column":4},"end":{"line":46,"column":5}},{"start":{},"end":{}}],"line":44},"1":{"loc":{"start":{"line":53,"column":6},"end":{"line":56,"column":7}},"type":"if","locations":[{"start":{"line":53,"column":6},"end":{"line":56,"column":7}},{"start":{},"end":{}}],"line":53},"2":{"loc":{"start":{"line":80,"column":14},"end":{"line":80,"column":52}},"type":"if","locations":[{"start":{"line":80,"column":14},"end":{"line":80,"column":52}},{"start":{},"end":{}}],"line":80},"3":{"loc":{"start":{"line":87,"column":8},"end":{"line":113,"column":9}},"type":"binary-expr","locations":[{"start":{"line":87,"column":8},"end":{"line":87,"column":15}},{"start":{"line":87,"column":19},"end":{"line":87,"column":28}},{"start":{"line":88,"column":10},"end":{"line":112,"column":17}}],"line":87}},"s":{"0":3,"1":123,"2":123,"3":123,"4":123,"5":123,"6":123,"7":11,"8":8,"9":123,"10":1,"11":1,"12":2,"13":1,"14":1,"15":1,"16":123,"17":2,"18":123,"19":93,"20":123,"21":93,"22":0,"23":93,"24":1,"25":1,"26":1,"27":1,"28":1,"29":2,"30":2},"f":{"0":123,"1":11,"2":1,"3":2,"4":93,"5":93,"6":1,"7":1,"8":2},"b":{"0":[8,3],"1":[1,1],"2":[0,93],"3":[123,105,105]},"_coverageSchema":"1a1c01bbd47fc00a2c39e90264f33305004495a9","hash":"91dfab5c4757f62e7de749c3ff92c63eaf55fdbc"}
,"/Users/didi/workspace/feature-probe-ui/src/components/Rule/condition.tsx": {"path":"/Users/didi/workspace/feature-probe-ui/src/components/Rule/condition.tsx","statementMap":{"0":{"start":{"line":36,"column":19},"end":{"line":36,"column":39}},"1":{"start":{"line":37,"column":19},"end":{"line":37,"column":201}},"2":{"start":{"line":38,"column":26},"end":{"line":38,"column":48}},"3":{"start":{"line":40,"column":20},"end":{"line":368,"column":1}},"4":{"start":{"line":52,"column":6},"end":{"line":52,"column":11}},"5":{"start":{"line":54,"column":15},"end":{"line":54,"column":24}},"6":{"start":{"line":55,"column":33},"end":{"line":55,"column":56}},"7":{"start":{"line":56,"column":36},"end":{"line":56,"column":80}},"8":{"start":{"line":65,"column":6},"end":{"line":65,"column":34}},"9":{"start":{"line":75,"column":6},"end":{"line":75,"column":39}},"10":{"start":{"line":77,"column":23},"end":{"line":85,"column":65}},"11":{"start":{"line":78,"column":4},"end":{"line":83,"column":5}},"12":{"start":{"line":79,"column":6},"end":{"line":82,"column":7}},"13":{"start":{"line":80,"column":8},"end":{"line":80,"column":24}},"14":{"start":{"line":81,"column":8},"end":{"line":81,"column":25}},"15":{"start":{"line":84,"column":4},"end":{"line":84,"column":59}},"16":{"start":{"line":87,"column":22},"end":{"line":92,"column":8}},"17":{"start":{"line":88,"column":4},"end":{"line":91,"column":7}},"18":{"start":{"line":94,"column":2},"end":{"line":121,"column":56}},"19":{"start":{"line":95,"column":4},"end":{"line":102,"column":5}},"20":{"start":{"line":96,"column":6},"end":{"line":101,"column":9}},"21":{"start":{"line":104,"column":4},"end":{"line":106,"column":7}},"22":{"start":{"line":108,"column":4},"end":{"line":119,"column":5}},"23":{"start":{"line":109,"column":6},"end":{"line":111,"column":9}},"24":{"start":{"line":112,"column":6},"end":{"line":114,"column":9}},"25":{"start":{"line":116,"column":6},"end":{"line":118,"column":9}},"26":{"start":{"line":123,"column":2},"end":{"line":135,"column":20}},"27":{"start":{"line":124,"column":4},"end":{"line":134,"column":5}},"28":{"start":{"line":125,"column":26},"end":{"line":125,"column":37}},"29":{"start":{"line":126,"column":22},"end":{"line":132,"column":8}},"30":{"start":{"line":127,"column":8},"end":{"line":131,"column":11}},"31":{"start":{"line":133,"column":6},"end":{"line":133,"column":25}},"32":{"start":{"line":137,"column":24},"end":{"line":143,"column":10}},"33":{"start":{"line":138,"column":4},"end":{"line":142,"column":6}},"34":{"start":{"line":145,"column":21},"end":{"line":148,"column":3}},"35":{"start":{"line":150,"column":2},"end":{"line":367,"column":4}},"36":{"start":{"line":182,"column":14},"end":{"line":182,"column":72}},"37":{"start":{"line":183,"column":14},"end":{"line":183,"column":50}},"38":{"start":{"line":184,"column":14},"end":{"line":184,"column":81}},"39":{"start":{"line":217,"column":14},"end":{"line":219,"column":15}},"40":{"start":{"line":218,"column":16},"end":{"line":218,"column":65}},"41":{"start":{"line":221,"column":14},"end":{"line":221,"column":76}},"42":{"start":{"line":222,"column":14},"end":{"line":222,"column":50}},"43":{"start":{"line":223,"column":14},"end":{"line":223,"column":83}},"44":{"start":{"line":250,"column":20},"end":{"line":250,"column":93}},"45":{"start":{"line":251,"column":20},"end":{"line":251,"column":108}},"46":{"start":{"line":252,"column":20},"end":{"line":252,"column":88}},"47":{"start":{"line":280,"column":20},"end":{"line":280,"column":82}},"48":{"start":{"line":281,"column":20},"end":{"line":281,"column":56}},"49":{"start":{"line":282,"column":20},"end":{"line":282,"column":88}},"50":{"start":{"line":316,"column":31},"end":{"line":316,"column":35}},"51":{"start":{"line":317,"column":18},"end":{"line":334,"column":19}},"52":{"start":{"line":318,"column":20},"end":{"line":320,"column":23}},"53":{"start":{"line":319,"column":22},"end":{"line":319,"column":51}},"54":{"start":{"line":322,"column":20},"end":{"line":324,"column":21}},"55":{"start":{"line":323,"column":22},"end":{"line":323,"column":29}},"56":{"start":{"line":326,"column":23},"end":{"line":334,"column":19}},"57":{"start":{"line":327,"column":20},"end":{"line":329,"column":23}},"58":{"start":{"line":328,"column":22},"end":{"line":328,"column":51}},"59":{"start":{"line":331,"column":20},"end":{"line":333,"column":21}},"60":{"start":{"line":332,"column":22},"end":{"line":332,"column":29}},"61":{"start":{"line":335,"column":18},"end":{"line":339,"column":19}},"62":{"start":{"line":336,"column":20},"end":{"line":336,"column":92}},"63":{"start":{"line":337,"column":20},"end":{"line":337,"column":69}},"64":{"start":{"line":338,"column":20},"end":{"line":338,"column":27}},"65":{"start":{"line":341,"column":18},"end":{"line":341,"column":54}},"66":{"start":{"line":342,"column":18},"end":{"line":342,"column":77}},"67":{"start":{"line":343,"column":18},"end":{"line":343,"column":85}},"68":{"start":{"line":363,"column":25},"end":{"line":363,"column":73}}},"fnMap":{"0":{"name":"(anonymous_0)","decl":{"start":{"line":40,"column":20},"end":{"line":40,"column":21}},"loc":{"start":{"line":40,"column":39},"end":{"line":368,"column":1}},"line":40},"1":{"name":"(anonymous_1)","decl":{"start":{"line":77,"column":35},"end":{"line":77,"column":36}},"loc":{"start":{"line":77,"column":105},"end":{"line":85,"column":3}},"line":77},"2":{"name":"(anonymous_2)","decl":{"start":{"line":87,"column":34},"end":{"line":87,"column":35}},"loc":{"start":{"line":87,"column":64},"end":{"line":92,"column":3}},"line":87},"3":{"name":"(anonymous_3)","decl":{"start":{"line":94,"column":12},"end":{"line":94,"column":13}},"loc":{"start":{"line":94,"column":18},"end":{"line":121,"column":3}},"line":94},"4":{"name":"(anonymous_4)","decl":{"start":{"line":123,"column":12},"end":{"line":123,"column":13}},"loc":{"start":{"line":123,"column":18},"end":{"line":135,"column":3}},"line":123},"5":{"name":"(anonymous_5)","decl":{"start":{"line":126,"column":34},"end":{"line":126,"column":35}},"loc":{"start":{"line":126,"column":57},"end":{"line":132,"column":7}},"line":126},"6":{"name":"(anonymous_6)","decl":{"start":{"line":137,"column":47},"end":{"line":137,"column":48}},"loc":{"start":{"line":137,"column":64},"end":{"line":143,"column":3}},"line":137},"7":{"name":"(anonymous_7)","decl":{"start":{"line":181,"column":22},"end":{"line":181,"column":23}},"loc":{"start":{"line":181,"column":74},"end":{"line":185,"column":13}},"line":181},"8":{"name":"(anonymous_8)","decl":{"start":{"line":216,"column":22},"end":{"line":216,"column":23}},"loc":{"start":{"line":216,"column":74},"end":{"line":224,"column":13}},"line":216},"9":{"name":"(anonymous_9)","decl":{"start":{"line":249,"column":28},"end":{"line":249,"column":29}},"loc":{"start":{"line":249,"column":46},"end":{"line":253,"column":19}},"line":249},"10":{"name":"(anonymous_10)","decl":{"start":{"line":279,"column":28},"end":{"line":279,"column":29}},"loc":{"start":{"line":279,"column":80},"end":{"line":283,"column":19}},"line":279},"11":{"name":"(anonymous_11)","decl":{"start":{"line":315,"column":26},"end":{"line":315,"column":27}},"loc":{"start":{"line":315,"column":78},"end":{"line":344,"column":17}},"line":315},"12":{"name":"(anonymous_12)","decl":{"start":{"line":318,"column":62},"end":{"line":318,"column":63}},"loc":{"start":{"line":318,"column":72},"end":{"line":320,"column":21}},"line":318},"13":{"name":"(anonymous_13)","decl":{"start":{"line":327,"column":62},"end":{"line":327,"column":63}},"loc":{"start":{"line":327,"column":72},"end":{"line":329,"column":21}},"line":327},"14":{"name":"(anonymous_14)","decl":{"start":{"line":363,"column":19},"end":{"line":363,"column":20}},"loc":{"start":{"line":363,"column":25},"end":{"line":363,"column":73}},"line":363}},"branchMap":{"0":{"loc":{"start":{"line":79,"column":6},"end":{"line":82,"column":7}},"type":"if","locations":[{"start":{"line":79,"column":6},"end":{"line":82,"column":7}},{"start":{},"end":{}}],"line":79},"1":{"loc":{"start":{"line":95,"column":4},"end":{"line":102,"column":5}},"type":"if","locations":[{"start":{"line":95,"column":4},"end":{"line":102,"column":5}},{"start":{},"end":{}}],"line":95},"2":{"loc":{"start":{"line":108,"column":4},"end":{"line":119,"column":5}},"type":"if","locations":[{"start":{"line":108,"column":4},"end":{"line":119,"column":5}},{"start":{"line":115,"column":11},"end":{"line":119,"column":5}}],"line":108},"3":{"loc":{"start":{"line":124,"column":4},"end":{"line":134,"column":5}},"type":"if","locations":[{"start":{"line":124,"column":4},"end":{"line":134,"column":5}},{"start":{},"end":{}}],"line":124},"4":{"loc":{"start":{"line":137,"column":24},"end":{"line":143,"column":10}},"type":"binary-expr","locations":[{"start":{"line":137,"column":24},"end":{"line":143,"column":4}},{"start":{"line":143,"column":8},"end":{"line":143,"column":10}}],"line":137},"5":{"loc":{"start":{"line":153,"column":8},"end":{"line":161,"column":9}},"type":"cond-expr","locations":[{"start":{"line":154,"column":10},"end":{"line":156,"column":17}},{"start":{"line":158,"column":10},"end":{"line":160,"column":17}}],"line":153},"6":{"loc":{"start":{"line":177,"column":22},"end":{"line":177,"column":65}},"type":"binary-expr","locations":[{"start":{"line":177,"column":22},"end":{"line":177,"column":53}},{"start":{"line":177,"column":57},"end":{"line":177,"column":65}}],"line":177},"7":{"loc":{"start":{"line":180,"column":19},"end":{"line":180,"column":93}},"type":"cond-expr","locations":[{"start":{"line":180,"column":81},"end":{"line":180,"column":85}},{"start":{"line":180,"column":88},"end":{"line":180,"column":93}}],"line":180},"8":{"loc":{"start":{"line":188,"column":12},"end":{"line":191,"column":20}},"type":"binary-expr","locations":[{"start":{"line":188,"column":12},"end":{"line":188,"column":71}},{"start":{"line":189,"column":14},"end":{"line":191,"column":20}}],"line":188},"9":{"loc":{"start":{"line":200,"column":21},"end":{"line":200,"column":63}},"type":"binary-expr","locations":[{"start":{"line":200,"column":21},"end":{"line":200,"column":57}},{"start":{"line":200,"column":61},"end":{"line":200,"column":63}}],"line":200},"10":{"loc":{"start":{"line":215,"column":20},"end":{"line":215,"column":96}},"type":"cond-expr","locations":[{"start":{"line":215,"column":84},"end":{"line":215,"column":88}},{"start":{"line":215,"column":91},"end":{"line":215,"column":96}}],"line":215},"11":{"loc":{"start":{"line":217,"column":14},"end":{"line":219,"column":15}},"type":"if","locations":[{"start":{"line":217,"column":14},"end":{"line":219,"column":15}},{"start":{},"end":{}}],"line":217},"12":{"loc":{"start":{"line":217,"column":18},"end":{"line":217,"column":138}},"type":"binary-expr","locations":[{"start":{"line":217,"column":19},"end":{"line":217,"column":49}},{"start":{"line":217,"column":53},"end":{"line":217,"column":83}},{"start":{"line":217,"column":88},"end":{"line":217,"column":138}}],"line":217},"13":{"loc":{"start":{"line":227,"column":12},"end":{"line":230,"column":20}},"type":"binary-expr","locations":[{"start":{"line":227,"column":12},"end":{"line":227,"column":73}},{"start":{"line":228,"column":14},"end":{"line":230,"column":20}}],"line":227},"14":{"loc":{"start":{"line":235,"column":10},"end":{"line":357,"column":11}},"type":"cond-expr","locations":[{"start":{"line":236,"column":12},"end":{"line":292,"column":15}},{"start":{"line":294,"column":12},"end":{"line":356,"column":25}}],"line":235},"15":{"loc":{"start":{"line":241,"column":24},"end":{"line":241,"column":99}},"type":"cond-expr","locations":[{"start":{"line":241,"column":87},"end":{"line":241,"column":91}},{"start":{"line":241,"column":94},"end":{"line":241,"column":99}}],"line":241},"16":{"loc":{"start":{"line":247,"column":25},"end":{"line":247,"column":83}},"type":"cond-expr","locations":[{"start":{"line":247,"column":46},"end":{"line":247,"column":72}},{"start":{"line":247,"column":75},"end":{"line":247,"column":83}}],"line":247},"17":{"loc":{"start":{"line":256,"column":18},"end":{"line":259,"column":26}},"type":"binary-expr","locations":[{"start":{"line":256,"column":18},"end":{"line":256,"column":78}},{"start":{"line":257,"column":20},"end":{"line":259,"column":26}}],"line":256},"18":{"loc":{"start":{"line":272,"column":25},"end":{"line":272,"column":74}},"type":"binary-expr","locations":[{"start":{"line":272,"column":25},"end":{"line":272,"column":43}},{"start":{"line":272,"column":47},"end":{"line":272,"column":74}}],"line":272},"19":{"loc":{"start":{"line":277,"column":26},"end":{"line":277,"column":101}},"type":"cond-expr","locations":[{"start":{"line":277,"column":89},"end":{"line":277,"column":93}},{"start":{"line":277,"column":96},"end":{"line":277,"column":101}}],"line":277},"20":{"loc":{"start":{"line":286,"column":18},"end":{"line":289,"column":26}},"type":"binary-expr","locations":[{"start":{"line":286,"column":18},"end":{"line":286,"column":78}},{"start":{"line":287,"column":20},"end":{"line":289,"column":26}}],"line":286},"21":{"loc":{"start":{"line":297,"column":18},"end":{"line":299,"column":75}},"type":"cond-expr","locations":[{"start":{"line":298,"column":20},"end":{"line":298,"column":81}},{"start":{"line":299,"column":20},"end":{"line":299,"column":75}}],"line":297},"22":{"loc":{"start":{"line":307,"column":25},"end":{"line":307,"column":82}},"type":"cond-expr","locations":[{"start":{"line":307,"column":59},"end":{"line":307,"column":72}},{"start":{"line":307,"column":75},"end":{"line":307,"column":82}}],"line":307},"23":{"loc":{"start":{"line":308,"column":23},"end":{"line":308,"column":46}},"type":"binary-expr","locations":[{"start":{"line":308,"column":23},"end":{"line":308,"column":40}},{"start":{"line":308,"column":44},"end":{"line":308,"column":46}}],"line":308},"24":{"loc":{"start":{"line":311,"column":22},"end":{"line":311,"column":119}},"type":"binary-expr","locations":[{"start":{"line":311,"column":22},"end":{"line":311,"column":53}},{"start":{"line":311,"column":58},"end":{"line":311,"column":119}}],"line":311},"25":{"loc":{"start":{"line":312,"column":24},"end":{"line":312,"column":98}},"type":"cond-expr","locations":[{"start":{"line":312,"column":86},"end":{"line":312,"column":90}},{"start":{"line":312,"column":93},"end":{"line":312,"column":98}}],"line":312},"26":{"loc":{"start":{"line":317,"column":18},"end":{"line":334,"column":19}},"type":"if","locations":[{"start":{"line":317,"column":18},"end":{"line":334,"column":19}},{"start":{"line":326,"column":23},"end":{"line":334,"column":19}}],"line":317},"27":{"loc":{"start":{"line":322,"column":20},"end":{"line":324,"column":21}},"type":"if","locations":[{"start":{"line":322,"column":20},"end":{"line":324,"column":21}},{"start":{},"end":{}}],"line":322},"28":{"loc":{"start":{"line":322,"column":24},"end":{"line":322,"column":135}},"type":"binary-expr","locations":[{"start":{"line":322,"column":24},"end":{"line":322,"column":43}},{"start":{"line":322,"column":47},"end":{"line":322,"column":94}},{"start":{"line":322,"column":98},"end":{"line":322,"column":135}}],"line":322},"29":{"loc":{"start":{"line":326,"column":23},"end":{"line":334,"column":19}},"type":"if","locations":[{"start":{"line":326,"column":23},"end":{"line":334,"column":19}},{"start":{},"end":{}}],"line":326},"30":{"loc":{"start":{"line":331,"column":20},"end":{"line":333,"column":21}},"type":"if","locations":[{"start":{"line":331,"column":20},"end":{"line":333,"column":21}},{"start":{},"end":{}}],"line":331},"31":{"loc":{"start":{"line":331,"column":24},"end":{"line":331,"column":135}},"type":"binary-expr","locations":[{"start":{"line":331,"column":24},"end":{"line":331,"column":43}},{"start":{"line":331,"column":47},"end":{"line":331,"column":94}},{"start":{"line":331,"column":98},"end":{"line":331,"column":135}}],"line":331},"32":{"loc":{"start":{"line":335,"column":18},"end":{"line":339,"column":19}},"type":"if","locations":[{"start":{"line":335,"column":18},"end":{"line":339,"column":19}},{"start":{},"end":{}}],"line":335},"33":{"loc":{"start":{"line":347,"column":16},"end":{"line":354,"column":24}},"type":"binary-expr","locations":[{"start":{"line":347,"column":16},"end":{"line":347,"column":75}},{"start":{"line":348,"column":18},"end":{"line":354,"column":24}}],"line":347},"34":{"loc":{"start":{"line":350,"column":22},"end":{"line":352,"column":79}},"type":"cond-expr","locations":[{"start":{"line":351,"column":24},"end":{"line":351,"column":82}},{"start":{"line":352,"column":24},"end":{"line":352,"column":79}}],"line":350},"35":{"loc":{"start":{"line":361,"column":8},"end":{"line":364,"column":10}},"type":"binary-expr","locations":[{"start":{"line":361,"column":8},"end":{"line":361,"column":17}},{"start":{"line":361,"column":21},"end":{"line":364,"column":10}}],"line":361}},"s":{"0":4,"1":4,"2":4,"3":4,"4":61,"5":61,"6":61,"7":61,"8":61,"9":61,"10":61,"11":1,"12":3,"13":3,"14":3,"15":1,"16":61,"17":48,"18":61,"19":14,"20":12,"21":14,"22":14,"23":2,"24":2,"25":12,"26":61,"27":16,"28":2,"29":2,"30":2,"31":2,"32":61,"33":16,"34":61,"35":61,"36":3,"37":3,"38":3,"39":3,"40":2,"41":3,"42":3,"43":3,"44":1,"45":1,"46":1,"47":1,"48":1,"49":1,"50":8,"51":8,"52":3,"53":3,"54":3,"55":0,"56":5,"57":3,"58":3,"59":3,"60":0,"61":8,"62":4,"63":4,"64":4,"65":4,"66":4,"67":4,"68":1},"f":{"0":61,"1":1,"2":48,"3":14,"4":16,"5":2,"6":16,"7":3,"8":3,"9":1,"10":1,"11":8,"12":3,"13":3,"14":1},"b":{"0":[3,0],"1":[12,2],"2":[2,12],"3":[2,14],"4":[61,19],"5":[55,6],"6":[61,57],"7":[0,61],"8":[61,0],"9":[61,5],"10":[0,61],"11":[2,1],"12":[3,2,2],"13":[61,0],"14":[9,52],"15":[0,9],"16":[3,6],"17":[9,0],"18":[9,6],"19":[0,9],"20":[9,0],"21":[48,4],"22":[48,4],"23":[52,16],"24":[52,4],"25":[0,52],"26":[3,5],"27":[0,3],"28":[3,0,0],"29":[3,2],"30":[0,3],"31":[3,0,0],"32":[4,4],"33":[52,0],"34":[0,0],"35":[61,58]},"_coverageSchema":"1a1c01bbd47fc00a2c39e90264f33305004495a9","hash":"ae9a16ac96c5b380930a62c46889557f239b845b"}
,"/Users/didi/workspace/feature-probe-ui/src/components/Rule/constants.tsx": {"path":"/Users/didi/workspace/feature-probe-ui/src/components/Rule/constants.tsx","statementMap":{"0":{"start":{"line":4,"column":24},"end":{"line":4,"column":31}},"1":{"start":{"line":5,"column":28},"end":{"line":5,"column":39}},"2":{"start":{"line":7,"column":27},"end":{"line":7,"column":35}},"3":{"start":{"line":8,"column":27},"end":{"line":8,"column":35}},"4":{"start":{"line":9,"column":29},"end":{"line":9,"column":39}},"5":{"start":{"line":10,"column":27},"end":{"line":10,"column":35}},"6":{"start":{"line":11,"column":28},"end":{"line":11,"column":37}},"7":{"start":{"line":13,"column":43},"end":{"line":15,"column":1}},"8":{"start":{"line":17,"column":40},"end":{"line":19,"column":1}},"9":{"start":{"line":17,"column":46},"end":{"line":19,"column":1}},"10":{"start":{"line":21,"column":30},"end":{"line":55,"column":1}},"11":{"start":{"line":22,"column":2},"end":{"line":54,"column":3}},"12":{"start":{"line":23,"column":4},"end":{"line":34,"column":6}},"13":{"start":{"line":35,"column":9},"end":{"line":54,"column":3}},"14":{"start":{"line":36,"column":4},"end":{"line":39,"column":6}},"15":{"start":{"line":40,"column":9},"end":{"line":54,"column":3}},"16":{"start":{"line":41,"column":4},"end":{"line":48,"column":6}},"17":{"start":{"line":49,"column":9},"end":{"line":54,"column":3}},"18":{"start":{"line":50,"column":4},"end":{"line":53,"column":6}},"19":{"start":{"line":57,"column":31},"end":{"line":85,"column":1}},"20":{"start":{"line":58,"column":2},"end":{"line":84,"column":4}}},"fnMap":{"0":{"name":"(anonymous_0)","decl":{"start":{"line":17,"column":40},"end":{"line":17,"column":41}},"loc":{"start":{"line":17,"column":46},"end":{"line":19,"column":1}},"line":17},"1":{"name":"(anonymous_1)","decl":{"start":{"line":21,"column":30},"end":{"line":21,"column":31}},"loc":{"start":{"line":21,"column":65},"end":{"line":55,"column":1}},"line":21},"2":{"name":"(anonymous_2)","decl":{"start":{"line":57,"column":31},"end":{"line":57,"column":32}},"loc":{"start":{"line":57,"column":37},"end":{"line":85,"column":1}},"line":57}},"branchMap":{"0":{"loc":{"start":{"line":22,"column":2},"end":{"line":54,"column":3}},"type":"if","locations":[{"start":{"line":22,"column":2},"end":{"line":54,"column":3}},{"start":{"line":35,"column":9},"end":{"line":54,"column":3}}],"line":22},"1":{"loc":{"start":{"line":35,"column":9},"end":{"line":54,"column":3}},"type":"if","locations":[{"start":{"line":35,"column":9},"end":{"line":54,"column":3}},{"start":{"line":40,"column":9},"end":{"line":54,"column":3}}],"line":35},"2":{"loc":{"start":{"line":40,"column":9},"end":{"line":54,"column":3}},"type":"if","locations":[{"start":{"line":40,"column":9},"end":{"line":54,"column":3}},{"start":{"line":49,"column":9},"end":{"line":54,"column":3}}],"line":40},"3":{"loc":{"start":{"line":40,"column":13},"end":{"line":40,"column":51}},"type":"binary-expr","locations":[{"start":{"line":40,"column":13},"end":{"line":40,"column":30}},{"start":{"line":40,"column":34},"end":{"line":40,"column":51}}],"line":40},"4":{"loc":{"start":{"line":49,"column":9},"end":{"line":54,"column":3}},"type":"if","locations":[{"start":{"line":49,"column":9},"end":{"line":54,"column":3}},{"start":{},"end":{}}],"line":49}},"s":{"0":4,"1":4,"2":4,"3":4,"4":4,"5":4,"6":4,"7":4,"8":4,"9":0,"10":4,"11":61,"12":17,"13":44,"14":4,"15":40,"16":26,"17":14,"18":9,"19":4,"20":9},"f":{"0":0,"1":61,"2":9},"b":{"0":[17,44],"1":[4,40],"2":[26,14],"3":[40,25],"4":[9,5]},"_coverageSchema":"1a1c01bbd47fc00a2c39e90264f33305004495a9","hash":"9ed6a4746a1a68b86e794885bf57ab4687352db3"}
,"/Users/didi/workspace/feature-probe-ui/src/components/Rule/index.tsx": {"path":"/Users/didi/workspace/feature-probe-ui/src/components/Rule/index.tsx","statementMap":{"0":{"start":{"line":25,"column":13},"end":{"line":112,"column":1}},"1":{"start":{"line":37,"column":6},"end":{"line":37,"column":11}},"2":{"start":{"line":39,"column":32},"end":{"line":39,"column":56}},"3":{"start":{"line":43,"column":6},"end":{"line":43,"column":34}},"4":{"start":{"line":45,"column":27},"end":{"line":47,"column":8}},"5":{"start":{"line":46,"column":4},"end":{"line":46,"column":19}},"6":{"start":{"line":49,"column":27},"end":{"line":51,"column":8}},"7":{"start":{"line":50,"column":4},"end":{"line":50,"column":20}},"8":{"start":{"line":53,"column":27},"end":{"line":55,"column":33}},"9":{"start":{"line":54,"column":4},"end":{"line":54,"column":30}},"10":{"start":{"line":57,"column":1},"end":{"line":111,"column":3}},"11":{"start":{"line":60,"column":8},"end":{"line":108,"column":14}}},"fnMap":{"0":{"name":"(anonymous_0)","decl":{"start":{"line":25,"column":13},"end":{"line":25,"column":14}},"loc":{"start":{"line":25,"column":32},"end":{"line":112,"column":1}},"line":25},"1":{"name":"(anonymous_1)","decl":{"start":{"line":45,"column":39},"end":{"line":45,"column":40}},"loc":{"start":{"line":45,"column":45},"end":{"line":47,"column":3}},"line":45},"2":{"name":"(anonymous_2)","decl":{"start":{"line":49,"column":39},"end":{"line":49,"column":40}},"loc":{"start":{"line":49,"column":45},"end":{"line":51,"column":3}},"line":49},"3":{"name":"(anonymous_3)","decl":{"start":{"line":53,"column":39},"end":{"line":53,"column":40}},"loc":{"start":{"line":53,"column":45},"end":{"line":55,"column":3}},"line":53},"4":{"name":"(anonymous_4)","decl":{"start":{"line":59,"column":7},"end":{"line":59,"column":8}},"loc":{"start":{"line":60,"column":8},"end":{"line":108,"column":14}},"line":60}},"branchMap":{"0":{"loc":{"start":{"line":67,"column":27},"end":{"line":67,"column":42}},"type":"cond-expr","locations":[{"start":{"line":67,"column":36},"end":{"line":67,"column":37}},{"start":{"line":67,"column":40},"end":{"line":67,"column":42}}],"line":67},"1":{"loc":{"start":{"line":73,"column":20},"end":{"line":75,"column":89}},"type":"cond-expr","locations":[{"start":{"line":74,"column":24},"end":{"line":74,"column":90}},{"start":{"line":75,"column":24},"end":{"line":75,"column":89}}],"line":73}},"s":{"0":3,"1":123,"2":123,"3":123,"4":123,"5":15,"6":123,"7":1,"8":123,"9":0,"10":123,"11":120},"f":{"0":123,"1":15,"2":1,"3":0,"4":120},"b":{"0":[9,111],"1":[111,9]},"_coverageSchema":"1a1c01bbd47fc00a2c39e90264f33305004495a9","hash":"f82d4861f266584bef37e0c3de31cdd1222c3072"}
,"/Users/didi/workspace/feature-probe-ui/src/components/SectionTitle/index.tsx": {"path":"/Users/didi/workspace/feature-probe-ui/src/components/SectionTitle/index.tsx","statementMap":{"0":{"start":{"line":11,"column":21},"end":{"line":30,"column":1}},"1":{"start":{"line":12,"column":46},"end":{"line":12,"column":51}},"2":{"start":{"line":13,"column":1},"end":{"line":29,"column":3}}},"fnMap":{"0":{"name":"(anonymous_0)","decl":{"start":{"line":11,"column":21},"end":{"line":11,"column":22}},"loc":{"start":{"line":11,"column":39},"end":{"line":30,"column":1}},"line":11}},"branchMap":{"0":{"loc":{"start":{"line":18,"column":8},"end":{"line":26,"column":9}},"type":"binary-expr","locations":[{"start":{"line":18,"column":8},"end":{"line":18,"column":19}},{"start":{"line":19,"column":10},"end":{"line":25,"column":12}}],"line":18}},"s":{"0":1,"1":1,"2":1},"f":{"0":1},"b":{"0":[1,1]},"_coverageSchema":"1a1c01bbd47fc00a2c39e90264f33305004495a9","hash":"67ece4e4d85f15ee2efd0a2dcc0cd31279fb831a"}
,"/Users/didi/workspace/feature-probe-ui/src/components/Serve/index.tsx": {"path":"/Users/didi/workspace/feature-probe-ui/src/components/Serve/index.tsx","statementMap":{"0":{"start":{"line":28,"column":14},"end":{"line":28,"column":17}},"1":{"start":{"line":29,"column":12},"end":{"line":29,"column":13}},"2":{"start":{"line":31,"column":14},"end":{"line":300,"column":1}},"3":{"start":{"line":41,"column":6},"end":{"line":41,"column":11}},"4":{"start":{"line":43,"column":31},"end":{"line":43,"column":114}},"5":{"start":{"line":44,"column":48},"end":{"line":44,"column":72}},"6":{"start":{"line":45,"column":50},"end":{"line":45,"column":76}},"7":{"start":{"line":46,"column":53},"end":{"line":46,"column":83}},"8":{"start":{"line":47,"column":30},"end":{"line":47,"column":49}},"9":{"start":{"line":48,"column":15},"end":{"line":48,"column":24}},"10":{"start":{"line":57,"column":6},"end":{"line":57,"column":39}},"11":{"start":{"line":58,"column":32},"end":{"line":58,"column":60}},"12":{"start":{"line":60,"column":2},"end":{"line":62,"column":19}},"13":{"start":{"line":61,"column":4},"end":{"line":61,"column":46}},"14":{"start":{"line":64,"column":2},"end":{"line":86,"column":30}},"15":{"start":{"line":65,"column":38},"end":{"line":78,"column":6}},"16":{"start":{"line":66,"column":6},"end":{"line":77,"column":8}},"17":{"start":{"line":80,"column":4},"end":{"line":83,"column":7}},"18":{"start":{"line":85,"column":4},"end":{"line":85,"column":33}},"19":{"start":{"line":88,"column":2},"end":{"line":114,"column":75}},"20":{"start":{"line":89,"column":4},"end":{"line":113,"column":5}},"21":{"start":{"line":90,"column":6},"end":{"line":90,"column":30}},"22":{"start":{"line":91,"column":6},"end":{"line":91,"column":40}},"23":{"start":{"line":92,"column":18},"end":{"line":92,"column":19}},"24":{"start":{"line":93,"column":6},"end":{"line":97,"column":9}},"25":{"start":{"line":94,"column":8},"end":{"line":94,"column":91}},"26":{"start":{"line":95,"column":8},"end":{"line":95,"column":58}},"27":{"start":{"line":96,"column":8},"end":{"line":96,"column":46}},"28":{"start":{"line":98,"column":6},"end":{"line":98,"column":22}},"29":{"start":{"line":99,"column":11},"end":{"line":113,"column":5}},"30":{"start":{"line":100,"column":6},"end":{"line":100,"column":31}},"31":{"start":{"line":101,"column":6},"end":{"line":109,"column":7}},"32":{"start":{"line":102,"column":8},"end":{"line":102,"column":22}},"33":{"start":{"line":103,"column":8},"end":{"line":103,"column":65}},"34":{"start":{"line":104,"column":8},"end":{"line":104,"column":59}},"35":{"start":{"line":106,"column":8},"end":{"line":106,"column":32}},"36":{"start":{"line":107,"column":8},"end":{"line":107,"column":72}},"37":{"start":{"line":108,"column":8},"end":{"line":108,"column":61}},"38":{"start":{"line":111,"column":6},"end":{"line":111,"column":31}},"39":{"start":{"line":112,"column":6},"end":{"line":112,"column":20}},"40":{"start":{"line":116,"column":2},"end":{"line":122,"column":64}},"41":{"start":{"line":117,"column":4},"end":{"line":121,"column":5}},"42":{"start":{"line":118,"column":6},"end":{"line":118,"column":103}},"43":{"start":{"line":120,"column":6},"end":{"line":120,"column":71}},"44":{"start":{"line":124,"column":23},"end":{"line":141,"column":61}},"45":{"start":{"line":125,"column":4},"end":{"line":138,"column":5}},"46":{"start":{"line":126,"column":6},"end":{"line":126,"column":30}},"47":{"start":{"line":127,"column":20},"end":{"line":129,"column":8}},"48":{"start":{"line":128,"column":8},"end":{"line":128,"column":57}},"49":{"start":{"line":130,"column":6},"end":{"line":132,"column":9}},"50":{"start":{"line":134,"column":6},"end":{"line":134,"column":31}},"51":{"start":{"line":135,"column":6},"end":{"line":137,"column":9}},"52":{"start":{"line":139,"column":4},"end":{"line":139,"column":26}},"53":{"start":{"line":140,"column":4},"end":{"line":140,"column":16}},"54":{"start":{"line":143,"column":27},"end":{"line":174,"column":42}},"55":{"start":{"line":144,"column":16},"end":{"line":144,"column":17}},"56":{"start":{"line":145,"column":4},"end":{"line":145,"column":46}},"57":{"start":{"line":147,"column":4},"end":{"line":151,"column":7}},"58":{"start":{"line":148,"column":6},"end":{"line":150,"column":7}},"59":{"start":{"line":149,"column":8},"end":{"line":149,"column":46}},"60":{"start":{"line":153,"column":4},"end":{"line":163,"column":7}},"61":{"start":{"line":154,"column":6},"end":{"line":162,"column":7}},"62":{"start":{"line":155,"column":8},"end":{"line":159,"column":9}},"63":{"start":{"line":156,"column":10},"end":{"line":156,"column":84}},"64":{"start":{"line":158,"column":10},"end":{"line":158,"column":68}},"65":{"start":{"line":161,"column":8},"end":{"line":161,"column":36}},"66":{"start":{"line":165,"column":18},"end":{"line":167,"column":6}},"67":{"start":{"line":166,"column":6},"end":{"line":166,"column":55}},"68":{"start":{"line":169,"column":4},"end":{"line":171,"column":7}},"69":{"start":{"line":173,"column":4},"end":{"line":173,"column":20}},"70":{"start":{"line":176,"column":28},"end":{"line":178,"column":24}},"71":{"start":{"line":177,"column":4},"end":{"line":177,"column":81}},"72":{"start":{"line":180,"column":22},"end":{"line":186,"column":51}},"73":{"start":{"line":181,"column":18},"end":{"line":181,"column":59}},"74":{"start":{"line":182,"column":4},"end":{"line":184,"column":5}},"75":{"start":{"line":183,"column":6},"end":{"line":183,"column":13}},"76":{"start":{"line":185,"column":4},"end":{"line":185,"column":39}},"77":{"start":{"line":188,"column":20},"end":{"line":194,"column":51}},"78":{"start":{"line":189,"column":18},"end":{"line":189,"column":59}},"79":{"start":{"line":190,"column":4},"end":{"line":192,"column":5}},"80":{"start":{"line":191,"column":6},"end":{"line":191,"column":13}},"81":{"start":{"line":193,"column":4},"end":{"line":193,"column":39}},"82":{"start":{"line":196,"column":1},"end":{"line":299,"column":3}},"83":{"start":{"line":221,"column":14},"end":{"line":221,"column":38}},"84":{"start":{"line":222,"column":14},"end":{"line":222,"column":50}},"85":{"start":{"line":223,"column":14},"end":{"line":223,"column":69}},"86":{"start":{"line":238,"column":18},"end":{"line":244,"column":20}},"87":{"start":{"line":265,"column":18},"end":{"line":291,"column":20}},"88":{"start":{"line":272,"column":54},"end":{"line":272,"column":81}},"89":{"start":{"line":277,"column":100},"end":{"line":277,"column":116}},"90":{"start":{"line":278,"column":102},"end":{"line":278,"column":120}}},"fnMap":{"0":{"name":"(anonymous_0)","decl":{"start":{"line":31,"column":14},"end":{"line":31,"column":15}},"loc":{"start":{"line":31,"column":33},"end":{"line":300,"column":1}},"line":31},"1":{"name":"(anonymous_1)","decl":{"start":{"line":60,"column":12},"end":{"line":60,"column":13}},"loc":{"start":{"line":60,"column":18},"end":{"line":62,"column":3}},"line":60},"2":{"name":"(anonymous_2)","decl":{"start":{"line":64,"column":12},"end":{"line":64,"column":13}},"loc":{"start":{"line":64,"column":18},"end":{"line":86,"column":3}},"line":64},"3":{"name":"(anonymous_3)","decl":{"start":{"line":65,"column":58},"end":{"line":65,"column":59}},"loc":{"start":{"line":65,"column":99},"end":{"line":78,"column":5}},"line":65},"4":{"name":"(anonymous_4)","decl":{"start":{"line":88,"column":12},"end":{"line":88,"column":13}},"loc":{"start":{"line":88,"column":18},"end":{"line":114,"column":3}},"line":88},"5":{"name":"(anonymous_5)","decl":{"start":{"line":93,"column":31},"end":{"line":93,"column":32}},"loc":{"start":{"line":93,"column":73},"end":{"line":97,"column":7}},"line":93},"6":{"name":"(anonymous_6)","decl":{"start":{"line":116,"column":12},"end":{"line":116,"column":13}},"loc":{"start":{"line":116,"column":18},"end":{"line":122,"column":3}},"line":116},"7":{"name":"(anonymous_7)","decl":{"start":{"line":124,"column":35},"end":{"line":124,"column":36}},"loc":{"start":{"line":124,"column":83},"end":{"line"
[...]
,"/Users/didi/workspace/feature-probe-ui/src/components/VariationItem/index.tsx": {"path":"/Users/didi/workspace/feature-probe-ui/src/components/VariationItem/index.tsx","statementMap":{"0":{"start":{"line":33,"column":22},"end":{"line":305,"column":1}},"1":{"start":{"line":34,"column":28},"end":{"line":34,"column":52}},"2":{"start":{"line":35,"column":34},"end":{"line":35,"column":57}},"3":{"start":{"line":36,"column":39},"end":{"line":36,"column":59}},"4":{"start":{"line":37,"column":15},"end":{"line":37,"column":24}},"5":{"start":{"line":55,"column":6},"end":{"line":55,"column":11}},"6":{"start":{"line":63,"column":6},"end":{"line":63,"column":39}},"7":{"start":{"line":65,"column":2},"end":{"line":100,"column":45}},"8":{"start":{"line":66,"column":4},"end":{"line":71,"column":7}},"9":{"start":{"line":73,"column":4},"end":{"line":98,"column":5}},"10":{"start":{"line":74,"column":6},"end":{"line":94,"column":9}},"11":{"start":{"line":81,"column":24},"end":{"line":81,"column":44}},"12":{"start":{"line":82,"column":12},"end":{"line":84,"column":13}},"13":{"start":{"line":83,"column":14},"end":{"line":83,"column":71}},"14":{"start":{"line":85,"column":12},"end":{"line":85,"column":24}},"15":{"start":{"line":88,"column":12},"end":{"line":90,"column":13}},"16":{"start":{"line":89,"column":14},"end":{"line":89,"column":69}},"17":{"start":{"line":91,"column":12},"end":{"line":91,"column":24}},"18":{"start":{"line":97,"column":6},"end":{"line":97,"column":36}},"19":{"start":{"line":102,"column":23},"end":{"line":109,"column":8}},"20":{"start":{"line":103,"column":4},"end":{"line":103,"column":24}},"21":{"start":{"line":104,"column":4},"end":{"line":108,"column":5}},"22":{"start":{"line":105,"column":6},"end":{"line":105,"column":24}},"23":{"start":{"line":107,"column":6},"end":{"line":107,"column":23}},"24":{"start":{"line":111,"column":24},"end":{"line":116,"column":70}},"25":{"start":{"line":112,"column":4},"end":{"line":112,"column":44}},"26":{"start":{"line":113,"column":4},"end":{"line":113,"column":43}},"27":{"start":{"line":114,"column":4},"end":{"line":114,"column":19}},"28":{"start":{"line":115,"column":4},"end":{"line":115,"column":37}},"29":{"start":{"line":118,"column":23},"end":{"line":121,"column":8}},"30":{"start":{"line":119,"column":4},"end":{"line":119,"column":21}},"31":{"start":{"line":120,"column":4},"end":{"line":120,"column":19}},"32":{"start":{"line":123,"column":30},"end":{"line":125,"column":36}},"33":{"start":{"line":124,"column":4},"end":{"line":124,"column":57}},"34":{"start":{"line":127,"column":26},"end":{"line":132,"column":3}},"35":{"start":{"line":134,"column":24},"end":{"line":147,"column":12}},"36":{"start":{"line":135,"column":4},"end":{"line":146,"column":6}},"37":{"start":{"line":149,"column":1},"end":{"line":304,"column":3}},"38":{"start":{"line":173,"column":16},"end":{"line":173,"column":39}},"39":{"start":{"line":174,"column":16},"end":{"line":174,"column":52}},"40":{"start":{"line":175,"column":16},"end":{"line":175,"column":54}},"41":{"start":{"line":203,"column":20},"end":{"line":203,"column":43}},"42":{"start":{"line":204,"column":20},"end":{"line":204,"column":56}},"43":{"start":{"line":205,"column":20},"end":{"line":205,"column":53}},"44":{"start":{"line":209,"column":93},"end":{"line":209,"column":106}},"45":{"start":{"line":235,"column":20},"end":{"line":235,"column":51}},"46":{"start":{"line":236,"column":20},"end":{"line":236,"column":56}},"47":{"start":{"line":237,"column":20},"end":{"line":237,"column":60}},"48":{"start":{"line":270,"column":76},"end":{"line":270,"column":95}}},"fnMap":{"0":{"name":"(anonymous_0)","decl":{"start":{"line":33,"column":22},"end":{"line":33,"column":23}},"loc":{"start":{"line":33,"column":41},"end":{"line":305,"column":1}},"line":33},"1":{"name":"(anonymous_1)","decl":{"start":{"line":65,"column":12},"end":{"line":65,"column":13}},"loc":{"start":{"line":65,"column":18},"end":{"line":100,"column":3}},"line":65},"2":{"name":"(anonymous_2)","decl":{"start":{"line":80,"column":20},"end":{"line":80,"column":21}},"loc":{"start":{"line":80,"column":35},"end":{"line":86,"column":11}},"line":80},"3":{"name":"(anonymous_3)","decl":{"start":{"line":87,"column":18},"end":{"line":87,"column":19}},"loc":{"start":{"line":87,"column":33},"end":{"line":92,"column":11}},"line":87},"4":{"name":"(anonymous_4)","decl":{"start":{"line":102,"column":35},"end":{"line":102,"column":36}},"loc":{"start":{"line":102,"column":44},"end":{"line":109,"column":3}},"line":102},"5":{"name":"(anonymous_5)","decl":{"start":{"line":111,"column":36},"end":{"line":111,"column":37}},"loc":{"start":{"line":111,"column":48},"end":{"line":116,"column":3}},"line":111},"6":{"name":"(anonymous_6)","decl":{"start":{"line":118,"column":35},"end":{"line":118,"column":36}},"loc":{"start":{"line":118,"column":41},"end":{"line":121,"column":3}},"line":118},"7":{"name":"(anonymous_7)","decl":{"start":{"line":123,"column":42},"end":{"line":123,"column":43}},"loc":{"start":{"line":123,"column":88},"end":{"line":125,"column":3}},"line":123},"8":{"name":"(anonymous_8)","decl":{"start":{"line":134,"column":32},"end":{"line":134,"column":33}},"loc":{"start":{"line":134,"column":38},"end":{"line":147,"column":3}},"line":134},"9":{"name":"(anonymous_9)","decl":{"start":{"line":172,"column":24},"end":{"line":172,"column":25}},"loc":{"start":{"line":172,"column":80},"end":{"line":176,"column":15}},"line":172},"10":{"name":"(anonymous_10)","decl":{"start":{"line":202,"column":28},"end":{"line":202,"column":29}},"loc":{"start":{"line":202,"column":84},"end":{"line":206,"column":19}},"line":202},"11":{"name":"(anonymous_11)","decl":{"start":{"line":209,"column":87},"end":{"line":209,"column":88}},"loc":{"start":{"line":209,"column":93},"end":{"line":209,"column":106}},"line":209},"12":{"name":"(anonymous_12)","decl":{"start":{"line":234,"column":28},"end":{"line":234,"column":29}},"loc":{"start":{"line":234,"column":80},"end":{"line":238,"column":19}},"line":234},"13":{"name":"(anonymous_13)","decl":{"start":{"line":270,"column":70},"end":{"line":270,"column":71}},"loc":{"start":{"line":270,"column":76},"end":{"line":270,"column":95}},"line":270}},"branchMap":{"0":{"loc":{"start":{"line":73,"column":4},"end":{"line":98,"column":5}},"type":"if","locations":[{"start":{"line":73,"column":4},"end":{"line":98,"column":5}},{"start":{"line":96,"column":11},"end":{"line":98,"column":5}}],"line":73},"1":{"loc":{"start":{"line":82,"column":12},"end":{"line":84,"column":13}},"type":"if","locations":[{"start":{"line":82,"column":12},"end":{"line":84,"column":13}},{"start":{},"end":{}}],"line":82},"2":{"loc":{"start":{"line":82,"column":16},"end":{"line":82,"column":60}},"type":"binary-expr","locations":[{"start":{"line":82,"column":16},"end":{"line":82,"column":17}},{"start":{"line":82,"column":21},"end":{"line":82,"column":44}},{"start":{"line":82,"column":48},"end":{"line":82,"column":60}}],"line":82},"3":{"loc":{"start":{"line":88,"column":12},"end":{"line":90,"column":13}},"type":"if","locations":[{"start":{"line":88,"column":12},"end":{"line":90,"column":13}},{"start":{},"end":{}}],"line":88},"4":{"loc":{"start":{"line":88,"column":16},"end":{"line":88,"column":56}},"type":"binary-expr","locations":[{"start":{"line":88,"column":16},"end":{"line":88,"column":17}},{"start":{"line":88,"column":21},"end":{"line":88,"column":42}},{"start":{"line":88,"column":46},"end":{"line":88,"column":56}}],"line":88},"5":{"loc":{"start":{"line":104,"column":4},"end":{"line":108,"column":5}},"type":"if","locations":[{"start":{"line":104,"column":4},"end":{"line":108,"column":5}},{"start":{"line":106,"column":11},"end":{"line":108,"column":5}}],"line":104},"6":{"loc":{"start":{"line":156,"column":44},"end":{"line":156,"column":72}},"type":"cond-expr","locations":[{"start":{"line":156,"column":54},"end":{"line":156,"column":66}},{"start":{"line":156,"column":70},"end":{"line":156,"column":72}}],"line":156},"7":{"loc":{"start":{"line":171,"column":21},"end":{"line":171,"column":68}},"type":"cond-expr","locations":[{"start":{"line":171,"column":56},"end":{"line":171,"column":60}},{"start":{"line":171,"column":63},"end":{"line":171,"column":68}}],"line":171},"8":{"loc":{"start":{"line":179,"column":14},"end":{"line":181,"column":20}},"type":"binary-expr","locations":[{"start":{"line":179,"column":14},"end":{"line":179,"column":44}},{"start":{"line":179,"column":48},"end":{"line":181,"column":20}}],"line":179},"9":{"loc":{"start":{"line":179,"column":64},"end":{"line":179,"column":117}},"type":"cond-expr","locations":[{"start":{"line":179,"column":73},"end":{"line":179,"column":95}},{"start":{"line":179,"column":98},"end":{"line":179,"column":117}}],"line":179},"10":{"loc":{"start":{"line":184,"column":43},"end":{"line":184,"column":71}},"type":"cond-expr","locations":[{"start":{"line":184,"column":53},"end":{"line":184,"column":65}},{"start":{"line":184,"column":69},"end":{"line":184,"column":71}}],"line":184},"11":{"loc":{"start":{"line":186,"column":14},"end":{"line":240,"column":15}},"type":"cond-expr","locations":[{"start":{"line":187,"column":16},"end":{"line":212,"column":18}},{"start":{"line":214,"column":16},"end":{"line":239,"column":18}}],"line":186},"12":{"loc":{"start":{"line":200,"column":25},"end":{"line":200,"column":67}},"type":"cond-expr","locations":[{"start":{"line":200,"column":55},"end":{"line":200,"column":59}},{"start":{"line":200,"column":62},"end":{"line":200,"column":67}}],"line":200},"13":{"loc":{"start":{"line":208,"column":20},"end":{"line":210,"column":21}},"type":"binary-expr","locations":[{"start":{"line":208,"column":20},"end":{"line":208,"column":41}},{"start":{"line":209,"column":22},"end":{"line":209,"column":110}}],"line":208},"14":{"loc":{"start":{"line":233,"column":25},"end":{"line":233,"column":72}},"type":"cond-expr","locations":[{"start":{"line":233,"column":60},"end":{"line":233,"column":64}},{"start":{"line":233,"column":67},"end":{"line":233,"column":72}}],"line":233},"15":{"loc":{"start":{"line":243,"column":14},"end":{"line":245,"column":20}},"type":"binary-expr","locations":[{"start":{"line":243,"column":14},"end":{"line":243,"column":39}},{"start":{"line":243,"column":43},"end":{"line":245,"column":20}}],"line":243},"16":{"loc":{"start":{"line":243,"column":59},"end":{"line":243,"column":112}},"type":"cond-expr","locations":[{"start":{"line":243,"column":68},"end":{"line":243,"column":90}},{"start":{"line":243,"column":93},"end":{"line":243,"column":112}}],"line":243},"17":{"loc":{"start":{"line":268,"column":8},"end":{"line":274,"column":9}},"type":"cond-expr","locations":[{"start":{"line":269,"column":10},"end":{"line":271,"column":16}},{"start":{"line":273,"column":10},"end":{"line":273,"column":60}}],"line":268},"18":{"loc":{"start":{"line":268,"column":8},"end":{"line":268,"column":47}},"type":"binary-expr","locations":[{"start":{"line":268,"column":8},"end":{"line":268,"column":19}},{"start":{"line":268,"column":23},"end":{"line":268,"column":34}},{"start":{"line":268,"column":38},"end":{"line":268,"column":47}}],"line":268},"19":{"loc":{"start":{"line":296,"column":14},"end":{"line":298,"column":20}},"type":"binary-expr","locations":[{"start":{"line":296,"column":14},"end":{"line":296,"column":22}},{"start":{"line":296,"column":26},"end":{"line":298,"column":20}}],"line":296},"20":{"loc":{"start":{"line":296,"column":42},"end":{"line":296,"column":95}},"type":"cond-expr","locations":[{"start":{"line":296,"column":51},"end":{"line":296,"column":73}},{"start":{"line":296,"column":76},"end":{"line":296,"column":95}}],"line":296}},"s":{"0":2,"1":159,"2":159,"3":159,"4":159,"5":159,"6":159,"7":159,"8":20,"9":20,"10":6,"11":8,"12":8,"13":1,"14":7,"15":7,"16":1,"17":6,"18":14,"19":159,"20":15,"21":15,"22":14,"23":1,"24":159,"25":1,"26":1,"27":1,"28":1,"29":159,"30":1,"31":1,"32":159,"33":1,"34":159,"35":159,"36":16,"37":159,"38":10,"39":10,"40":10,"41":8,"42":8,"43":8,"44":2,"45":1,"46":1,"47":1,"48":2},"f":{"0":159,"1":20,"2":8,"3":7,"4":15,"5":1,"6":1,"7":1,"8":16,"9":10,"10":8,"11":2,"12":1,"13":2},"b":{"0":[6,14],"1":[1,7],"2":[8,8,4],"3":[1,6],"4":[7,7,3],"5":[14,1],"6":[158,1],"7":[4,155],"8":[159,4],"9":[4,0],"10":[158,1],"11":[37,122],"12":[3,34],"13":[37,25],"14":[0,122],"15":[159,3],"16":[3,0],"17":[108,51],"18":[159,115,108],"19":[159,14],"20":[14,0]},"_coverageSchema":"1a1c01bbd47fc00a2c39e90264f33305004495a9","hash":"09c8fb08415eb8a9466de7f9ca3f7f36da213bee"}
,"/Users/didi/workspace/feature-probe-ui/src/components/Variations/index.tsx": {"path":"/Users/didi/workspace/feature-probe-ui/src/components/Variations/index.tsx","statementMap":{"0":{"start":{"line":19,"column":19},"end":{"line":141,"column":1}},"1":{"start":{"line":20,"column":83},"end":{"line":20,"column":88}},"2":{"start":{"line":21,"column":34},"end":{"line":21,"column":58}},"3":{"start":{"line":22,"column":15},"end":{"line":22,"column":24}},"4":{"start":{"line":30,"column":6},"end":{"line":30,"column":39}},"5":{"start":{"line":36,"column":6},"end":{"line":36,"column":39}},"6":{"start":{"line":38,"column":32},"end":{"line":38,"column":60}},"7":{"start":{"line":40,"column":32},"end":{"line":44,"column":32}},"8":{"start":{"line":41,"column":4},"end":{"line":41,"column":48}},"9":{"start":{"line":42,"column":4},"end":{"line":42,"column":43}},"10":{"start":{"line":43,"column":4},"end":{"line":43,"column":24}},"11":{"start":{"line":46,"column":2},"end":{"line":76,"column":19}},"12":{"start":{"line":47,"column":4},"end":{"line":75,"column":5}},"13":{"start":{"line":48,"column":6},"end":{"line":48,"column":24}},"14":{"start":{"line":61,"column":36},"end":{"line":63,"column":8}},"15":{"start":{"line":62,"column":8},"end":{"line":62,"column":37}},"16":{"start":{"line":65,"column":21},"end":{"line":65,"column":49}},"17":{"start":{"line":66,"column":6},"end":{"line":68,"column":7}},"18":{"start":{"line":67,"column":8},"end":{"line":67,"column":15}},"19":{"start":{"line":70,"column":26},"end":{"line":70,"column":70}},"20":{"start":{"line":71,"column":6},"end":{"line":74,"column":7}},"21":{"start":{"line":72,"column":8},"end":{"line":72,"column":25}},"22":{"start":{"line":73,"column":8},"end":{"line":73,"column":15}},"23":{"start":{"line":78,"column":2},"end":{"line":89,"column":45}},"24":{"start":{"line":79,"column":4},"end":{"line":88,"column":5}},"25":{"start":{"line":80,"column":6},"end":{"line":85,"column":11}},"26":{"start":{"line":87,"column":6},"end":{"line":87,"column":43}},"27":{"start":{"line":91,"column":1},"end":{"line":140,"column":3}},"28":{"start":{"line":95,"column":10},"end":{"line":109,"column":12}},"29":{"start":{"line":106,"column":32},"end":{"line":106,"column":74}}},"fnMap":{"0":{"name":"(anonymous_0)","decl":{"start":{"line":19,"column":19},"end":{"line":19,"column":20}},"loc":{"start":{"line":19,"column":38},"end":{"line":141,"column":1}},"line":19},"1":{"name":"(anonymous_1)","decl":{"start":{"line":40,"column":44},"end":{"line":40,"column":45}},"loc":{"start":{"line":40,"column":85},"end":{"line":44,"column":3}},"line":40},"2":{"name":"(anonymous_2)","decl":{"start":{"line":46,"column":12},"end":{"line":46,"column":13}},"loc":{"start":{"line":46,"column":18},"end":{"line":76,"column":3}},"line":46},"3":{"name":"(anonymous_3)","decl":{"start":{"line":61,"column":54},"end":{"line":61,"column":55}},"loc":{"start":{"line":61,"column":81},"end":{"line":63,"column":7}},"line":61},"4":{"name":"(anonymous_4)","decl":{"start":{"line":78,"column":12},"end":{"line":78,"column":13}},"loc":{"start":{"line":78,"column":18},"end":{"line":89,"column":3}},"line":78},"5":{"name":"(anonymous_5)","decl":{"start":{"line":94,"column":25},"end":{"line":94,"column":26}},"loc":{"start":{"line":95,"column":10},"end":{"line":109,"column":12}},"line":95},"6":{"name":"(anonymous_6)","decl":{"start":{"line":106,"column":26},"end":{"line":106,"column":27}},"loc":{"start":{"line":106,"column":32},"end":{"line":106,"column":74}},"line":106}},"branchMap":{"0":{"loc":{"start":{"line":47,"column":4},"end":{"line":75,"column":5}},"type":"if","locations":[{"start":{"line":47,"column":4},"end":{"line":75,"column":5}},{"start":{},"end":{}}],"line":47},"1":{"loc":{"start":{"line":66,"column":6},"end":{"line":68,"column":7}},"type":"if","locations":[{"start":{"line":66,"column":6},"end":{"line":68,"column":7}},{"start":{},"end":{}}],"line":66},"2":{"loc":{"start":{"line":71,"column":6},"end":{"line":74,"column":7}},"type":"if","locations":[{"start":{"line":71,"column":6},"end":{"line":74,"column":7}},{"start":{},"end":{}}],"line":71},"3":{"loc":{"start":{"line":79,"column":4},"end":{"line":88,"column":5}},"type":"if","locations":[{"start":{"line":79,"column":4},"end":{"line":88,"column":5}},{"start":{"line":86,"column":11},"end":{"line":88,"column":5}}],"line":79},"4":{"loc":{"start":{"line":113,"column":32},"end":{"line":113,"column":60}},"type":"cond-expr","locations":[{"start":{"line":113,"column":42},"end":{"line":113,"column":54}},{"start":{"line":113,"column":58},"end":{"line":113,"column":60}}],"line":113},"5":{"loc":{"start":{"line":118,"column":20},"end":{"line":118,"column":55}},"type":"binary-expr","locations":[{"start":{"line":118,"column":20},"end":{"line":118,"column":43}},{"start":{"line":118,"column":47},"end":{"line":118,"column":55}}],"line":118},"6":{"loc":{"start":{"line":130,"column":8},"end":{"line":136,"column":14}},"type":"binary-expr","locations":[{"start":{"line":130,"column":8},"end":{"line":130,"column":15}},{"start":{"line":130,"column":19},"end":{"line":136,"column":14}}],"line":130}},"s":{"0":1,"1":52,"2":52,"3":52,"4":52,"5":52,"6":52,"7":52,"8":1,"9":1,"10":1,"11":52,"12":26,"13":22,"14":22,"15":61,"16":22,"17":22,"18":0,"19":22,"20":22,"21":1,"22":1,"23":52,"24":5,"25":1,"26":4,"27":52,"28":127,"29":1},"f":{"0":52,"1":1,"2":26,"3":61,"4":5,"5":127,"6":1},"b":{"0":[22,4],"1":[0,22],"2":[1,21],"3":[1,4],"4":[52,0],"5":[52,52],"6":[52,2]},"_coverageSchema":"1a1c01bbd47fc00a2c39e90264f33305004495a9","hash":"f9b435542cf6ad17fe6e90a017745749ecb24667"}
}
