TN:
SF:src/components/Button/index.tsx
FN:4,(anonymous_0)
FN:8,(anonymous_1)
FNF:2
FNH:2
FNDA:223,(anonymous_0)
FNDA:18,(anonymous_1)
DA:4,8
DA:5,223
DA:6,223
DA:8,223
DA:10,18
DA:12,18
DA:13,17
DA:17,223
LF:8
LH:8
BRDA:12,0,0,17
BRDA:12,0,1,1
BRF:2
BRH:2
end_of_record
TN:
SF:src/components/CopyToClipboard/index.tsx
FN:14,(anonymous_0)
FN:21,(anonymous_1)
FN:25,(anonymous_2)
FN:31,(anonymous_3)
FN:35,(anonymous_4)
FN:39,(anonymous_5)
FNF:6
FNH:6
FNDA:10,(anonymous_0)
FNDA:1,(anonymous_1)
FNDA:1,(anonymous_2)
FNDA:3,(anonymous_3)
FNDA:1,(anonymous_4)
FNDA:2,(anonymous_5)
DA:14,1
DA:15,10
DA:16,10
DA:17,10
DA:19,10
DA:21,10
DA:22,1
DA:23,1
DA:24,1
DA:25,1
DA:26,1
DA:27,1
DA:31,10
DA:32,3
DA:35,10
DA:36,1
DA:39,10
DA:40,2
DA:41,2
DA:44,10
LF:20
LH:20
BRDA:50,0,0,1
BRDA:50,0,1,9
BRF:2
BRH:2
end_of_record
TN:
SF:src/components/Diff/index.tsx
FN:11,(anonymous_0)
FN:14,(anonymous_1)
FN:22,(anonymous_2)
FN:25,(anonymous_3)
FNF:4
FNH:4
FNDA:6,(anonymous_0)
FNDA:6,(anonymous_1)
FNDA:1,(anonymous_2)
FNDA:1,(anonymous_3)
DA:11,1
DA:12,6
DA:14,6
DA:15,6
DA:16,6
DA:17,5
DA:20,6
DA:21,6
DA:22,6
DA:23,1
DA:25,6
DA:26,1
DA:30,6
DA:32,6
DA:33,1
DA:36,6
DA:37,1
DA:42,6
LF:18
LH:18
BRDA:15,0,0,6
BRDA:15,0,1,0
BRDA:16,1,0,5
BRDA:16,1,1,1
BRDA:16,2,0,6
BRDA:16,2,1,5
BRDA:21,3,0,6
BRDA:21,3,1,0
BRDA:21,4,0,6
BRDA:21,4,1,6
BRDA:32,5,0,1
BRDA:32,5,1,5
BRDA:32,6,0,6
BRDA:32,6,1,2
BRDA:36,7,0,1
BRDA:36,7,1,5
BRDA:36,8,0,6
BRDA:36,8,1,2
BRDA:45,9,0,6
BRDA:45,9,1,1
BRDA:46,10,0,6
BRDA:46,10,1,1
BRF:22
BRH:20
end_of_record
TN:
SF:src/components/Filter/index.tsx
FN:15,(anonymous_0)
FN:31,(anonymous_1)
FN:39,(anonymous_2)
FN:43,(anonymous_3)
FN:51,(anonymous_4)
FNF:5
FNH:5
FNDA:6,(anonymous_0)
FNDA:2,(anonymous_1)
FNDA:2,(anonymous_2)
FNDA:1,(anonymous_3)
FNDA:1,(anonymous_4)
DA:15,1
DA:16,6
DA:18,6
DA:20,6
DA:32,2
DA:33,2
DA:34,2
DA:39,2
DA:44,1
DA:52,1
DA:53,1
LF:11
LH:11
BRDA:30,0,0,6
BRDA:30,0,1,6
BRF:2
BRH:2
end_of_record
TN:
SF:src/components/FormItem/description.tsx
FN:13,(anonymous_0)
FNF:1
FNH:1
FNDA:2,(anonymous_0)
DA:13,1
DA:14,2
DA:15,2
DA:17,2
LF:4
LH:4
BRF:0
BRH:0
end_of_record
TN:
SF:src/components/FormItem/key.tsx
FN:20,(anonymous_0)
FN:24,(anonymous_1)
FNF:2
FNH:2
FNDA:2,(anonymous_0)
FNDA:1,(anonymous_1)
DA:20,1
DA:21,2
DA:22,2
DA:24,2
DA:25,1
DA:42,2
LF:6
LH:6
BRDA:49,0,0,2
BRDA:49,0,1,2
BRDA:69,1,0,1
BRDA:69,1,1,1
BRDA:74,2,0,2
BRDA:74,2,1,1
BRF:6
BRH:6
end_of_record
TN:
SF:src/components/FormItem/name.tsx
FN:17,(anonymous_0)
FN:21,(anonymous_1)
FNF:2
FNH:2
FNDA:2,(anonymous_0)
FNDA:1,(anonymous_1)
DA:17,1
DA:18,2
DA:19,2
DA:21,2
DA:22,1
DA:27,2
LF:6
LH:6
BRDA:32,0,0,2
BRDA:32,0,1,2
BRDA:40,1,0,1
BRDA:40,1,1,1
BRDA:44,2,0,2
BRDA:44,2,1,1
BRF:6
BRH:6
end_of_record
TN:
SF:src/components/FormItem/password.tsx
FN:13,(anonymous_0)
FN:17,(anonymous_1)
FNF:2
FNH:2
FNDA:2,(anonymous_0)
FNDA:1,(anonymous_1)
DA:13,1
DA:14,2
DA:15,2
DA:17,2
DA:18,1
DA:35,2
LF:6
LH:6
BRDA:48,0,0,1
BRDA:48,0,1,1
BRDA:52,1,0,2
BRDA:52,1,1,1
BRF:4
BRH:4
end_of_record
TN:
SF:src/components/History/index.tsx
FN:22,(anonymous_0)
FN:47,(anonymous_1)
FN:79,(anonymous_2)
FNF:3
FNH:3
FNDA:5,(anonymous_0)
FNDA:22,(anonymous_1)
FNDA:2,(anonymous_2)
DA:22,1
DA:23,5
DA:25,5
DA:48,22
DA:55,22
DA:62,22
DA:68,22
DA:75,22
DA:80,2
DA:81,2
DA:82,1
DA:84,1
LF:12
LH:12
BRDA:34,0,0,1
BRDA:34,0,1,4
BRDA:47,1,0,4
BRDA:47,1,1,3
BRDA:81,2,0,1
BRDA:81,2,1,1
BRDA:99,3,0,22
BRDA:99,3,1,3
BRDA:108,4,0,0
BRDA:108,4,1,22
BRDA:127,5,0,22
BRDA:127,5,1,1
BRDA:127,5,2,1
BRDA:151,6,0,22
BRDA:151,6,1,0
BRDA:175,7,0,22
BRDA:175,7,1,1
BRDA:189,8,0,4
BRDA:189,8,1,4
BRDA:189,8,2,3
BRDA:196,9,0,4
BRDA:196,9,1,1
BRF:22
BRH:20
end_of_record
TN:
SF:src/components/Icon/index.tsx
FN:8,(anonymous_0)
FNF:1
FNH:1
FNDA:1331,(anonymous_0)
DA:8,15
DA:9,1331
DA:11,1331
LF:3
LH:3
BRF:0
BRH:0
end_of_record
TN:
SF:src/components/JsonEditor/index.tsx
FN:21,(anonymous_0)
FN:25,(anonymous_1)
FN:41,(anonymous_2)
FNF:3
FNH:3
FNDA:20,(anonymous_0)
FNDA:5,(anonymous_1)
FNDA:28,(anonymous_2)
DA:14,3
DA:21,3
DA:22,20
DA:23,20
DA:25,20
DA:26,5
DA:27,5
DA:33,5
DA:34,5
DA:35,2
DA:38,1
DA:41,5
DA:42,28
DA:48,20
LF:14
LH:14
BRDA:26,0,0,5
BRDA:26,0,1,0
BRDA:34,1,0,2
BRDA:34,1,1,3
BRDA:38,2,0,1
BRDA:38,2,1,0
BRF:6
BRH:4
end_of_record
TN:
SF:src/components/Loading/index.tsx
FN:4,(anonymous_0)
FNF:1
FNH:1
FNDA:2,(anonymous_0)
DA:4,2
DA:5,2
LF:2
LH:2
BRF:0
BRH:0
end_of_record
TN:
SF:src/components/MessageBox/index.tsx
FN:35,(anonymous_0)
FN:42,(anonymous_1)
FN:49,(anonymous_2)
FN:56,(anonymous_3)
FNF:4
FNH:4
FNDA:1,(anonymous_0)
FNDA:1,(anonymous_1)
FNDA:1,(anonymous_2)
FNDA:5,(anonymous_3)
DA:15,5
DA:23,5
DA:34,5
DA:36,1
DA:43,1
DA:50,1
DA:57,5
LF:7
LH:7
BRDA:39,0,0,1
BRDA:39,0,1,1
BRDA:46,1,0,1
BRDA:46,1,1,1
BRDA:53,2,0,1
BRDA:53,2,1,1
BRDA:60,3,0,5
BRDA:60,3,1,5
BRF:8
BRH:8
end_of_record
TN:
SF:src/components/Modal/index.tsx
FN:17,(anonymous_0)
FN:32,(anonymous_1)
FNF:2
FNH:2
FNDA:162,(anonymous_0)
FNDA:4,(anonymous_1)
DA:17,3
DA:18,162
DA:20,162
DA:32,4
LF:4
LH:4
BRDA:26,0,0,162
BRDA:26,0,1,162
BRDA:31,1,0,161
BRDA:31,1,1,1
BRF:4
BRH:4
end_of_record
TN:
SF:src/components/NoData/index.tsx
FN:8,(anonymous_0)
FNF:1
FNH:1
FNDA:2,(anonymous_0)
DA:8,1
DA:9,2
DA:11,2
LF:3
LH:3
BRDA:17,0,0,2
BRDA:17,0,1,1
BRF:2
BRH:2
end_of_record
TN:
SF:src/components/Pagination/index.tsx
FN:20,(anonymous_0)
FNF:1
FNH:1
FNDA:3,(anonymous_0)
DA:20,1
DA:21,3
DA:23,3
LF:3
LH:3
BRDA:26,0,0,1
BRDA:26,0,1,2
BRDA:29,1,0,2
BRDA:29,1,1,2
BRDA:34,2,0,3
BRDA:34,2,1,3
BRF:6
BRH:6
end_of_record
TN:
SF:src/components/PopupConfirm/index.tsx
FN:16,(anonymous_0)
FNF:1
FNH:1
FNDA:107,(anonymous_0)
DA:16,4
DA:17,107
DA:19,107
LF:3
LH:3
BRF:0
BRH:0
end_of_record
TN:
SF:src/components/PutAway/index.tsx
FN:8,(anonymous_0)
FN:28,(anonymous_1)
FN:42,(anonymous_2)
FNF:3
FNH:3
FNDA:6,(anonymous_0)
FNDA:6,(anonymous_1)
FNDA:1,(anonymous_2)
DA:8,1
DA:12,6
DA:14,6
DA:21,6
DA:28,6
DA:29,6
DA:31,6
DA:32,6
DA:33,2
DA:34,1
DA:36,1
DA:41,6
DA:42,1
LF:13
LH:13
BRDA:32,0,0,2
BRDA:32,0,1,4
BRDA:33,1,0,1
BRDA:33,1,1,1
BRDA:45,2,0,3
BRDA:45,2,1,3
BRDA:50,3,0,6
BRDA:50,3,1,3
BRF:8
BRH:8
end_of_record
TN:
SF:src/components/PutAwayMenu/index.tsx
FN:11,(anonymous_0)
FNF:1
FNH:1
FNDA:3,(anonymous_0)
DA:11,1
DA:12,3
DA:14,3
LF:3
LH:3
BRDA:17,0,0,2
BRDA:17,0,1,1
BRF:2
BRH:2
end_of_record
TN:
SF:src/components/Rule/RuleContent.tsx
FN:25,(anonymous_0)
FN:61,(anonymous_1)
FN:96,(anonymous_2)
FN:99,(anonymous_3)
FN:102,(anonymous_4)
FN:105,(anonymous_5)
FN:110,(anonymous_6)
FN:128,(anonymous_7)
FNF:8
FNH:7
FNDA:120,(anonymous_0)
FNDA:14,(anonymous_1)
FNDA:1,(anonymous_2)
FNDA:1,(anonymous_3)
FNDA:1,(anonymous_4)
FNDA:1,(anonymous_5)
FNDA:1,(anonymous_6)
FNDA:0,(anonymous_7)
DA:25,3
DA:36,120
DA:40,120
DA:41,104
DA:47,120
DA:49,120
DA:58,120
DA:62,14
DA:96,1
DA:99,1
DA:102,1
DA:105,1
DA:110,1
DA:128,0
LF:14
LH:13
BRDA:40,0,0,104
BRDA:40,0,1,16
BRDA:109,1,0,120
BRDA:109,1,1,17
BRDA:120,2,0,120
BRDA:120,2,1,104
BRF:6
BRH:6
end_of_record
TN:
SF:src/components/Rule/RuleTitle.tsx
FN:19,(anonymous_0)
FN:43,(anonymous_1)
FN:49,(anonymous_2)
FN:61,(anonymous_3)
FN:65,(anonymous_4)
FN:79,(anonymous_5)
FN:92,(anonymous_6)
FN:97,(anonymous_7)
FN:106,(anonymous_8)
FNF:9
FNH:9
FNDA:123,(anonymous_0)
FNDA:11,(anonymous_1)
FNDA:1,(anonymous_2)
FNDA:2,(anonymous_3)
FNDA:93,(anonymous_4)
FNDA:93,(anonymous_5)
FNDA:1,(anonymous_6)
FNDA:1,(anonymous_7)
FNDA:2,(anonymous_8)
DA:19,3
DA:27,123
DA:29,123
DA:30,123
DA:35,123
DA:41,123
DA:43,123
DA:44,11
DA:45,8
DA:49,123
DA:50,1
DA:52,1
DA:53,2
DA:54,1
DA:55,1
DA:58,1
DA:61,123
DA:62,2
DA:65,123
DA:66,93
DA:69,123
DA:80,93
DA:81,93
DA:93,1
DA:94,1
DA:95,1
DA:98,1
DA:99,1
DA:107,2
DA:108,2
LF:30
LH:30
BRDA:44,0,0,8
BRDA:44,0,1,3
BRDA:53,1,0,1
BRDA:53,1,1,1
BRDA:80,2,0,0
BRDA:80,2,1,93
BRDA:87,3,0,123
BRDA:87,3,1,105
BRDA:87,3,2,105
BRF:9
BRH:8
end_of_record
TN:
SF:src/components/Rule/condition.tsx
FN:40,(anonymous_0)
FN:77,(anonymous_1)
FN:87,(anonymous_2)
FN:94,(anonymous_3)
FN:123,(anonymous_4)
FN:126,(anonymous_5)
FN:137,(anonymous_6)
FN:181,(anonymous_7)
FN:216,(anonymous_8)
FN:249,(anonymous_9)
FN:279,(anonymous_10)
FN:315,(anonymous_11)
FN:318,(anonymous_12)
FN:327,(anonymous_13)
FN:363,(anonymous_14)
FNF:15
FNH:15
FNDA:61,(anonymous_0)
FNDA:1,(anonymous_1)
FNDA:48,(anonymous_2)
FNDA:14,(anonymous_3)
FNDA:16,(anonymous_4)
FNDA:2,(anonymous_5)
FNDA:16,(anonymous_6)
FNDA:3,(anonymous_7)
FNDA:3,(anonymous_8)
FNDA:1,(anonymous_9)
FNDA:1,(anonymous_10)
FNDA:8,(anonymous_11)
FNDA:3,(anonymous_12)
FNDA:3,(anonymous_13)
FNDA:1,(anonymous_14)
DA:36,4
DA:37,4
DA:38,4
DA:40,4
DA:52,61
DA:54,61
DA:55,61
DA:56,61
DA:65,61
DA:75,61
DA:77,61
DA:78,1
DA:79,3
DA:80,3
DA:81,3
DA:84,1
DA:87,61
DA:88,48
DA:94,61
DA:95,14
DA:96,12
DA:104,14
DA:108,14
DA:109,2
DA:112,2
DA:116,12
DA:123,61
DA:124,16
DA:125,2
DA:126,2
DA:127,2
DA:133,2
DA:137,61
DA:138,16
DA:145,61
DA:150,61
DA:182,3
DA:183,3
DA:184,3
DA:217,3
DA:218,2
DA:221,3
DA:222,3
DA:223,3
DA:250,1
DA:251,1
DA:252,1
DA:280,1
DA:281,1
DA:282,1
DA:316,8
DA:317,8
DA:318,3
DA:319,3
DA:322,3
DA:323,0
DA:326,5
DA:327,3
DA:328,3
DA:331,3
DA:332,0
DA:335,8
DA:336,4
DA:337,4
DA:338,4
DA:341,4
DA:342,4
DA:343,4
DA:363,1
LF:69
LH:67
BRDA:79,0,0,3
BRDA:79,0,1,0
BRDA:95,1,0,12
BRDA:95,1,1,2
BRDA:108,2,0,2
BRDA:108,2,1,12
BRDA:124,3,0,2
BRDA:124,3,1,14
BRDA:137,4,0,61
BRDA:137,4,1,19
BRDA:153,5,0,55
BRDA:153,5,1,6
BRDA:177,6,0,61
BRDA:177,6,1,57
BRDA:180,7,0,0
BRDA:180,7,1,61
BRDA:188,8,0,61
BRDA:188,8,1,0
BRDA:200,9,0,61
BRDA:200,9,1,5
BRDA:215,10,0,0
BRDA:215,10,1,61
BRDA:217,11,0,2
BRDA:217,11,1,1
BRDA:217,12,0,3
BRDA:217,12,1,2
BRDA:217,12,2,2
BRDA:227,13,0,61
BRDA:227,13,1,0
BRDA:235,14,0,9
BRDA:235,14,1,52
BRDA:241,15,0,0
BRDA:241,15,1,9
BRDA:247,16,0,3
BRDA:247,16,1,6
BRDA:256,17,0,9
BRDA:256,17,1,0
BRDA:272,18,0,9
BRDA:272,18,1,6
BRDA:277,19,0,0
BRDA:277,19,1,9
BRDA:286,20,0,9
BRDA:286,20,1,0
BRDA:297,21,0,48
BRDA:297,21,1,4
BRDA:307,22,0,48
BRDA:307,22,1,4
BRDA:308,23,0,52
BRDA:308,23,1,16
BRDA:311,24,0,52
BRDA:311,24,1,4
BRDA:312,25,0,0
BRDA:312,25,1,52
BRDA:317,26,0,3
BRDA:317,26,1,5
BRDA:322,27,0,0
BRDA:322,27,1,3
BRDA:322,28,0,3
BRDA:322,28,1,0
BRDA:322,28,2,0
BRDA:326,29,0,3
BRDA:326,29,1,2
BRDA:331,30,0,0
BRDA:331,30,1,3
BRDA:331,31,0,3
BRDA:331,31,1,0
BRDA:331,31,2,0
BRDA:335,32,0,4
BRDA:335,32,1,4
BRDA:347,33,0,52
BRDA:347,33,1,0
BRDA:350,34,0,0
BRDA:350,34,1,0
BRDA:361,35,0,61
BRDA:361,35,1,58
BRF:75
BRH:56
end_of_record
TN:
SF:src/components/Rule/constants.tsx
FN:17,(anonymous_0)
FN:21,(anonymous_1)
FN:57,(anonymous_2)
FNF:3
FNH:2
FNDA:0,(anonymous_0)
FNDA:61,(anonymous_1)
FNDA:9,(anonymous_2)
DA:4,4
DA:5,4
DA:7,4
DA:8,4
DA:9,4
DA:10,4
DA:11,4
DA:13,4
DA:17,4
DA:21,4
DA:22,61
DA:23,17
DA:35,44
DA:36,4
DA:40,40
DA:41,26
DA:49,14
DA:50,9
DA:57,4
DA:58,9
LF:20
LH:20
BRDA:22,0,0,17
BRDA:22,0,1,44
BRDA:35,1,0,4
BRDA:35,1,1,40
BRDA:40,2,0,26
BRDA:40,2,1,14
BRDA:40,3,0,40
BRDA:40,3,1,25
BRDA:49,4,0,9
BRDA:49,4,1,5
BRF:10
BRH:10
end_of_record
TN:
SF:src/components/Rule/index.tsx
FN:25,(anonymous_0)
FN:45,(anonymous_1)
FN:49,(anonymous_2)
FN:53,(anonymous_3)
FN:59,(anonymous_4)
FNF:5
FNH:4
FNDA:123,(anonymous_0)
FNDA:15,(anonymous_1)
FNDA:1,(anonymous_2)
FNDA:0,(anonymous_3)
FNDA:120,(anonymous_4)
DA:25,3
DA:37,123
DA:39,123
DA:43,123
DA:45,123
DA:46,15
DA:49,123
DA:50,1
DA:53,123
DA:54,0
DA:57,123
DA:60,120
LF:12
LH:11
BRDA:67,0,0,9
BRDA:67,0,1,111
BRDA:73,1,0,111
BRDA:73,1,1,9
BRF:4
BRH:4
end_of_record
TN:
SF:src/components/SectionTitle/index.tsx
FN:11,(anonymous_0)
FNF:1
FNH:1
FNDA:1,(anonymous_0)
DA:11,1
DA:12,1
DA:13,1
LF:3
LH:3
BRDA:18,0,0,1
BRDA:18,0,1,1
BRF:2
BRH:2
end_of_record
TN:
SF:src/components/Serve/index.tsx
FN:31,(anonymous_0)
FN:60,(anonymous_1)
FN:64,(anonymous_2)
FN:65,(anonymous_3)
FN:88,(anonymous_4)
FN:93,(anonymous_5)
FN:116,(anonymous_6)
FN:124,(anonymous_7)
FN:127,(anonymous_8)
FN:143,(anonymous_9)
FN:147,(anonymous_10)
FN:153,(anonymous_11)
FN:165,(anonymous_12)
FN:176,(anonymous_13)
FN:180,(anonymous_14)
FN:188,(anonymous_15)
FN:220,(anonymous_16)
FN:237,(anonymous_17)
FN:264,(anonymous_18)
FN:272,(anonymous_19)
FN:277,(anonymous_20)
FN:278,(anonymous_21)
FNF:22
FNH:22
FNDA:159,(anonymous_0)
FNDA:6,(anonymous_1)
FNDA:10,(anonymous_2)
FNDA:5,(anonymous_3)
FNDA:12,(anonymous_4)
FNDA:2,(anonymous_5)
FNDA:23,(anonymous_6)
FNDA:2,(anonymous_7)
FNDA:2,(anonymous_8)
FNDA:17,(anonymous_9)
FNDA:34,(anonymous_10)
FNDA:34,(anonymous_11)
FNDA:34,(anonymous_12)
FNDA:15,(anonymous_13)
FNDA:2,(anonymous_14)
FNDA:2,(anonymous_15)
FNDA:2,(anonymous_16)
FNDA:76,(anonymous_17)
FNDA:76,(anonymous_18)
FNDA:15,(anonymous_19)
FNDA:2,(anonymous_20)
FNDA:2,(anonymous_21)
DA:28,4
DA:29,4
DA:31,4
DA:41,159
DA:43,159
DA:44,159
DA:45,159
DA:46,159
DA:47,159
DA:48,159
DA:57,159
DA:58,159
DA:60,159
DA:61,6
DA:64,159
DA:65,10
DA:66,5
DA:80,10
DA:85,10
DA:88,159
DA:89,12
DA:90,1
DA:91,1
DA:92,1
DA:93,1
DA:94,2
DA:95,2
DA:96,2
DA:98,1
DA:99,11
DA:100,1
DA:101,1
DA:102,0
DA:103,0
DA:104,0
DA:106,1
DA:107,1
DA:108,1
DA:111,10
DA:112,10
DA:116,159
DA:117,23
DA:118,17
DA:120,6
DA:124,159
DA:125,2
DA:126,1
DA:127,1
DA:128,2
DA:130,1
DA:134,1
DA:135,1
DA:139,2
DA:140,2
DA:143,159
DA:144,17
DA:145,17
DA:147,17
DA:148,34
DA:149,27
DA:153,17
DA:154,34
DA:155,27
DA:156,8
DA:158,19
DA:161,7
DA:165,17
DA:166,34
DA:169,17
DA:173,17
DA:176,159
DA:177,15
DA:180,159
DA:181,2
DA:182,2
DA:183,1
DA:185,1
DA:188,159
DA:189,2
DA:190,2
DA:191,1
DA:193,1
DA:196,159
DA:221,2
DA:222,2
DA:223,2
DA:238,76
DA:265,76
DA:272,15
DA:277,2
DA:278,2
LF:91
LH:88
BRDA:68,0,0,5
BRDA:68,0,1,0
BRDA:73,1,0,5
BRDA:73,1,1,0
BRDA:89,2,0,1
BRDA:89,2,1,11
BRDA:89,3,0,12
BRDA:89,3,1,2
BRDA:94,4,0,2
BRDA:94,4,1,2
BRDA:94,4,2,2
BRDA:94,4,3,2
BRDA:99,5,0,1
BRDA:99,5,1,10
BRDA:99,6,0,11
BRDA:99,6,1,1
BRDA:101,7,0,0
BRDA:101,7,1,1
BRDA:103,8,0,0
BRDA:103,8,1,0
BRDA:104,9,0,0
BRDA:104,9,1,0
BRDA:107,10,0,0
BRDA:107,10,1,1
BRDA:108,11,0,0
BRDA:108,11,1,1
BRDA:117,12,0,17
BRDA:117,12,1,6
BRDA:117,13,0,23
BRDA:117,13,1,22
BRDA:118,14,0,0
BRDA:118,14,1,17
BRDA:120,15,0,2
BRDA:120,15,1,4
BRDA:125,16,0,1
BRDA:125,16,1,1
BRDA:128,17,0,2
BRDA:128,17,1,2
BRDA:148,18,0,27
BRDA:148,18,1,7
BRDA:154,19,0,27
BRDA:154,19,1,7
BRDA:155,20,0,8
BRDA:155,20,1,19
BRDA:166,21,0,34
BRDA:166,21,1,7
BRDA:177,22,0,15
BRDA:177,22,1,4
BRDA:182,23,0,1
BRDA:182,23,1,1
BRDA:182,24,0,2
BRDA:182,24,1,1
BRDA:190,25,0,1
BRDA:190,25,1,1
BRDA:190,26,0,2
BRDA:190,26,1,1
BRDA:214,27,0,0
BRDA:214,27,1,159
BRDA:214,28,0,107
BRDA:214,28,1,52
BRDA:216,29,0,107
BRDA:216,29,1,52
BRDA:223,30,0,0
BRDA:223,30,1,2
BRDA:227,31,0,159
BRDA:227,31,1,0
BRDA:227,32,0,107
BRDA:227,32,1,52
BRDA:233,33,0,159
BRDA:233,33,1,38
BRDA:249,34,0,38
BRDA:249,34,1,36
BRDA:250,35,0,0
BRDA:250,35,1,36
BRDA:270,36,0,76
BRDA:270,36,1,8
BRDA:287,37,0,76
BRDA:287,37,1,0
BRF:78
BRH:63
end_of_record
TN:
SF:src/components/TagsList/index.tsx
FN:10,(anonymous_0)
FN:15,(anonymous_1)
FN:30,(anonymous_2)
FN:51,(anonymous_3)
FN:62,(anonymous_4)
FNF:5
FNH:5
FNDA:4,(anonymous_0)
FNDA:2,(anonymous_1)
FNDA:3,(anonymous_2)
FNDA:1,(anonymous_3)
FNDA:1,(anonymous_4)
DA:10,1
DA:11,4
DA:12,4
DA:13,4
DA:15,4
DA:16,2
DA:17,2
DA:19,2
DA:20,1
DA:21,1
DA:23,1
DA:27,4
DA:31,3
DA:52,1
DA:53,1
DA:63,1
LF:16
LH:16
BRDA:17,0,0,2
BRDA:17,0,1,1
BRDA:19,1,0,1
BRDA:19,1,1,1
BRDA:42,2,0,4
BRDA:42,2,1,1
BRF:6
BRH:6
end_of_record
TN:
SF:src/components/TextLimit/index.tsx
FN:15,(anonymous_0)
FN:20,(anonymous_1)
FN:32,(anonymous_2)
FNF:3
FNH:3
FNDA:8,(anonymous_0)
FNDA:5,(anonymous_1)
FNDA:5,(anonymous_2)
DA:15,2
DA:16,8
DA:17,8
DA:18,8
DA:20,8
DA:21,5
DA:22,2
DA:24,3
DA:25,3
DA:27,0
DA:32,8
DA:33,5
DA:36,8
LF:13
LH:12
BRDA:21,0,0,2
BRDA:21,0,1,3
BRDA:24,1,0,3
BRDA:24,1,1,0
BRDA:39,2,0,8
BRDA:39,2,1,8
BRDA:42,3,0,4
BRDA:42,3,1,4
BRDA:45,4,0,8
BRDA:45,4,1,5
BRDA:48,5,0,8
BRDA:48,5,1,4
BRDA:51,6,0,8
BRDA:51,6,1,8
BRF:14
BRH:13
end_of_record
TN:
SF:src/components/VariationItem/index.tsx
FN:33,(anonymous_0)
FN:65,(anonymous_1)
FN:80,(anonymous_2)
FN:87,(anonymous_3)
FN:102,(anonymous_4)
FN:111,(anonymous_5)
FN:118,(anonymous_6)
FN:123,(anonymous_7)
FN:134,(anonymous_8)
FN:172,(anonymous_9)
FN:202,(anonymous_10)
FN:209,(anonymous_11)
FN:234,(anonymous_12)
FN:270,(anonymous_13)
FNF:14
FNH:14
FNDA:159,(anonymous_0)
FNDA:20,(anonymous_1)
FNDA:8,(anonymous_2)
FNDA:7,(anonymous_3)
FNDA:15,(anonymous_4)
FNDA:1,(anonymous_5)
FNDA:1,(anonymous_6)
FNDA:1,(anonymous_7)
FNDA:16,(anonymous_8)
FNDA:10,(anonymous_9)
FNDA:8,(anonymous_10)
FNDA:2,(anonymous_11)
FNDA:1,(anonymous_12)
FNDA:2,(anonymous_13)
DA:33,2
DA:34,159
DA:35,159
DA:36,159
DA:37,159
DA:55,159
DA:63,159
DA:65,159
DA:66,20
DA:73,20
DA:74,6
DA:81,8
DA:82,8
DA:83,1
DA:85,7
DA:88,7
DA:89,1
DA:91,6
DA:97,14
DA:102,159
DA:103,15
DA:104,15
DA:105,14
DA:107,1
DA:111,159
DA:112,1
DA:113,1
DA:114,1
DA:115,1
DA:118,159
DA:119,1
DA:120,1
DA:123,159
DA:124,1
DA:127,159
DA:134,159
DA:135,16
DA:149,159
DA:173,10
DA:174,10
DA:175,10
DA:203,8
DA:204,8
DA:205,8
DA:209,2
DA:235,1
DA:236,1
DA:237,1
DA:270,2
LF:49
LH:49
BRDA:73,0,0,6
BRDA:73,0,1,14
BRDA:82,1,0,1
BRDA:82,1,1,7
BRDA:82,2,0,8
BRDA:82,2,1,8
BRDA:82,2,2,4
BRDA:88,3,0,1
BRDA:88,3,1,6
BRDA:88,4,0,7
BRDA:88,4,1,7
BRDA:88,4,2,3
BRDA:104,5,0,14
BRDA:104,5,1,1
BRDA:156,6,0,158
BRDA:156,6,1,1
BRDA:171,7,0,4
BRDA:171,7,1,155
BRDA:179,8,0,159
BRDA:179,8,1,4
BRDA:179,9,0,4
BRDA:179,9,1,0
BRDA:184,10,0,158
BRDA:184,10,1,1
BRDA:186,11,0,37
BRDA:186,11,1,122
BRDA:200,12,0,3
BRDA:200,12,1,34
BRDA:208,13,0,37
BRDA:208,13,1,25
BRDA:233,14,0,0
BRDA:233,14,1,122
BRDA:243,15,0,159
BRDA:243,15,1,3
BRDA:243,16,0,3
BRDA:243,16,1,0
BRDA:268,17,0,108
BRDA:268,17,1,51
BRDA:268,18,0,159
BRDA:268,18,1,115
BRDA:268,18,2,108
BRDA:296,19,0,159
BRDA:296,19,1,14
BRDA:296,20,0,14
BRDA:296,20,1,0
BRF:45
BRH:41
end_of_record
TN:
SF:src/components/Variations/index.tsx
FN:19,(anonymous_0)
FN:40,(anonymous_1)
FN:46,(anonymous_2)
FN:61,(anonymous_3)
FN:78,(anonymous_4)
FN:94,(anonymous_5)
FN:106,(anonymous_6)
FNF:7
FNH:7
FNDA:52,(anonymous_0)
FNDA:1,(anonymous_1)
FNDA:26,(anonymous_2)
FNDA:61,(anonymous_3)
FNDA:5,(anonymous_4)
FNDA:127,(anonymous_5)
FNDA:1,(anonymous_6)
DA:19,1
DA:20,52
DA:21,52
DA:22,52
DA:30,52
DA:36,52
DA:38,52
DA:40,52
DA:41,1
DA:42,1
DA:43,1
DA:46,52
DA:47,26
DA:48,22
DA:61,22
DA:62,61
DA:65,22
DA:66,22
DA:67,0
DA:70,22
DA:71,22
DA:72,1
DA:73,1
DA:78,52
DA:79,5
DA:80,1
DA:87,4
DA:91,52
DA:95,127
DA:106,1
LF:30
LH:29
BRDA:47,0,0,22
BRDA:47,0,1,4
BRDA:66,1,0,0
BRDA:66,1,1,22
BRDA:71,2,0,1
BRDA:71,2,1,21
BRDA:79,3,0,1
BRDA:79,3,1,4
BRDA:113,4,0,52
BRDA:113,4,1,0
BRDA:118,5,0,52
BRDA:118,5,1,52
BRDA:130,6,0,52
BRDA:130,6,1,2
BRF:14
BRH:12
end_of_record
